Using pre-set license
Built from '2020.2/staging' branch; Version is '2020.2.0b14 (dc0b50340a64) revision 14420816'; Using compiler version '192528614'; Build Type 'Release'
OS: 'Windows 10  (10.0.0) 64bit' Language: 'en' Physical Memory: 32529 MB
BatchMode: 1, IsHumanControllingUs: 0, StartBugReporterOnCrash: 0, Is64bit: 1, IsPro: 0

 COMMAND LINE ARGUMENTS:
C:\Program Files\Unity\Hub\Editor\2020.2.0b14\Editor\Unity.exe
-adb2
-batchMode
-noUpm
-name
AssetImportWorker0
-projectPath
H:/UnityProjects/WOTR_Terrain
-logFile
Logs/AssetImportWorker0.log
-srvPort
50122
Successfully changed project path to: H:/UnityProjects/WOTR_Terrain
H:/UnityProjects/WOTR_Terrain
Using Asset Import Pipeline V2.
Refreshing native plugins compatible for Editor in 132.25 ms, found 0 plugins.
Preloading 0 native plugins for Editor in 0.00 ms.
Initialize engine version: 2020.2.0b14 (dc0b50340a64)
[Subsystems] Discovering subsystems at path C:/Program Files/Unity/Hub/Editor/2020.2.0b14/Editor/Data/Resources/UnitySubsystems
[Subsystems] Discovering subsystems at path H:/UnityProjects/WOTR_Terrain/Assets
GfxDevice: creating device client; threaded=0
Direct3D:
    Version:  Direct3D 11.0 [level 11.1]
    Renderer: NVIDIA Quadro M4000 (ID=0x13f1)
    Vendor:   
    VRAM:     8144 MB
    Driver:   26.21.14.4097
Shader 'Universal Render Pipeline/Particles/Lit': fallback shader 'Universal Render Pipeline/Particles/SimpleLit' not found
Shader 'Lux URP/Particles/Simple Lit': fallback shader 'Lightweight Render Pipeline/Particles/Unlit' not found
Initialize mono
Mono path[0] = 'C:/Program Files/Unity/Hub/Editor/2020.2.0b14/Editor/Data/Managed'
Mono path[1] = 'C:/Program Files/Unity/Hub/Editor/2020.2.0b14/Editor/Data/MonoBleedingEdge/lib/mono/unityjit'
Mono config path = 'C:/Program Files/Unity/Hub/Editor/2020.2.0b14/Editor/Data/MonoBleedingEdge/etc'
Using monoOptions --debugger-agent=transport=dt_socket,embedding=1,server=y,suspend=n,address=127.0.0.1:56096
Begin MonoManager ReloadAssembly
Registering precompiled unity dll's ...
Register platform support module: C:/Program Files/Unity/Hub/Editor/2020.2.0b14/Editor/Data/PlaybackEngines/WebGLSupport/UnityEditor.WebGL.Extensions.dll
Register platform support module: C:/Program Files/Unity/Hub/Editor/2020.2.0b14/Editor/Data/PlaybackEngines/WindowsStandaloneSupport/UnityEditor.WindowsStandalone.Extensions.dll
Register platform support module: C:/Program Files/Unity/Hub/Editor/2020.2.0b14/Editor/Data/PlaybackEngines/LuminSupport/UnityEditor.Lumin.Extensions.dll
Registered in 0.003826 seconds.
Native extension for Lumin target not found
Native extension for WindowsStandalone target not found
Native extension for WebGL target not found
Refreshing native plugins compatible for Editor in 123.20 ms, found 0 plugins.
Preloading 0 native plugins for Editor in 0.00 ms.
Invoked RoslynAnalysisRunner static constructor.
RoslynAnalysisRunner will not be running.
RoslynAnalysisRunner has terminated.
Mono: successfully reloaded assembly
- Completed reload, in  2.102 seconds
Platform modules already initialized, skipping
Registering precompiled user dll's ...
Registered in 0.004496 seconds.
Begin MonoManager ReloadAssembly
Error: Could not load signature of Unity.UNetWeaver.Helpers:GetSymbolReaderProvider due to: Could not load file or assembly 'Mono.Cecil, Version=0.10.0.0, Culture=neutral, PublicKeyToken=50cebf1cceb9d05e' or one of its dependencies. assembly:Mono.Cecil, Version=0.10.0.0, Culture=neutral, PublicKeyToken=50cebf1cceb9d05e type:<unknown type> member:(null) signature:<none>

Error: Could not load signature of DG.Tweening.DOTweenModuleAudio:DOFade due to: Could not load file or assembly 'DOTween, Version=1.0.0.0, Culture=neutral, PublicKeyToken=null' or one of its dependencies. assembly:DOTween, Version=1.0.0.0, Culture=neutral, PublicKeyToken=null type:<unknown type> member:(null) signature:<none>

Unloading broken assembly Library/ScriptAssemblies/Unity.RenderPipelines.Core.Editor.dll, this assembly can cause crashes in the runtime

Unloading broken assembly Library/ScriptAssemblies/com.unity.multiplayer-weaver.Editor.dll, this assembly can cause crashes in the runtime

Unloading broken assembly Library/ScriptAssemblies/Assembly-CSharp.dll, this assembly can cause crashes in the runtime

Native extension for Lumin target not found
Native extension for WindowsStandalone target not found
Native extension for WebGL target not found
Refreshing native plugins compatible for Editor in 131.64 ms, found 0 plugins.
Preloading 0 native plugins for Editor in 0.00 ms.
NoiseLib::GatherNoiseTypes: Failed to get types from assembly: Assembly-CSharp, Version=0.0.0.0, Culture=neutral, PublicKeyToken=null
UnityEngine.StackTraceUtility:ExtractStackTrace ()
UnityEngine.DebugLogHandler:LogFormat (UnityEngine.LogType,UnityEngine.Object,string,object[])
UnityEngine.Logger:Log (UnityEngine.LogType,object)
UnityEngine.Debug:Log (object)
UnityEditor.Experimental.TerrainAPI.NoiseLib:GatherNoiseTypes () (at Library/PackageCache/com.unity.terrain-tools@3.0.2-preview.3/Editor/TerrainTools/NoiseLib/API/NoiseLib.cs:306)
UnityEditor.Experimental.TerrainAPI.NoiseLib:GenerateHeaderFiles () (at Library/PackageCache/com.unity.terrain-tools@3.0.2-preview.3/Editor/TerrainTools/NoiseLib/API/NoiseLib.cs:577)
UnityEditor.Experimental.TerrainAPI.NoiseLib:.cctor () (at Library/PackageCache/com.unity.terrain-tools@3.0.2-preview.3/Editor/TerrainTools/NoiseLib/API/NoiseLib.cs:40)
System.Runtime.CompilerServices.RuntimeHelpers:RunClassConstructor (System.RuntimeTypeHandle)
UnityEditor.EditorAssemblies:ProcessInitializeOnLoadAttributes (System.Type[])

(Filename: Library/PackageCache/com.unity.terrain-tools@3.0.2-preview.3/Editor/TerrainTools/NoiseLib/API/NoiseLib.cs Line: 306)

NoiseLib::GatherNoiseTypes: Failed to get types from assembly: com.unity.multiplayer-weaver.Editor, Version=1.0.0.0, Culture=neutral, PublicKeyToken=null
UnityEngine.StackTraceUtility:ExtractStackTrace ()
UnityEngine.DebugLogHandler:LogFormat (UnityEngine.LogType,UnityEngine.Object,string,object[])
UnityEngine.Logger:Log (UnityEngine.LogType,object)
UnityEngine.Debug:Log (object)
UnityEditor.Experimental.TerrainAPI.NoiseLib:GatherNoiseTypes () (at Library/PackageCache/com.unity.terrain-tools@3.0.2-preview.3/Editor/TerrainTools/NoiseLib/API/NoiseLib.cs:306)
UnityEditor.Experimental.TerrainAPI.NoiseLib:GenerateHeaderFiles () (at Library/PackageCache/com.unity.terrain-tools@3.0.2-preview.3/Editor/TerrainTools/NoiseLib/API/NoiseLib.cs:577)
UnityEditor.Experimental.TerrainAPI.NoiseLib:.cctor () (at Library/PackageCache/com.unity.terrain-tools@3.0.2-preview.3/Editor/TerrainTools/NoiseLib/API/NoiseLib.cs:40)
System.Runtime.CompilerServices.RuntimeHelpers:RunClassConstructor (System.RuntimeTypeHandle)
UnityEditor.EditorAssemblies:ProcessInitializeOnLoadAttributes (System.Type[])

(Filename: Library/PackageCache/com.unity.terrain-tools@3.0.2-preview.3/Editor/TerrainTools/NoiseLib/API/NoiseLib.cs Line: 306)

NoiseLib::GatherNoiseTypes: Failed to get types from assembly: Unity.RenderPipelines.Core.Editor, Version=0.0.0.0, Culture=neutral, PublicKeyToken=null
UnityEngine.StackTraceUtility:ExtractStackTrace ()
UnityEngine.DebugLogHandler:LogFormat (UnityEngine.LogType,UnityEngine.Object,string,object[])
UnityEngine.Logger:Log (UnityEngine.LogType,object)
UnityEngine.Debug:Log (object)
UnityEditor.Experimental.TerrainAPI.NoiseLib:GatherNoiseTypes () (at Library/PackageCache/com.unity.terrain-tools@3.0.2-preview.3/Editor/TerrainTools/NoiseLib/API/NoiseLib.cs:306)
UnityEditor.Experimental.TerrainAPI.NoiseLib:GenerateHeaderFiles () (at Library/PackageCache/com.unity.terrain-tools@3.0.2-preview.3/Editor/TerrainTools/NoiseLib/API/NoiseLib.cs:577)
UnityEditor.Experimental.TerrainAPI.NoiseLib:.cctor () (at Library/PackageCache/com.unity.terrain-tools@3.0.2-preview.3/Editor/TerrainTools/NoiseLib/API/NoiseLib.cs:40)
System.Runtime.CompilerServices.RuntimeHelpers:RunClassConstructor (System.RuntimeTypeHandle)
UnityEditor.EditorAssemblies:ProcessInitializeOnLoadAttributes (System.Type[])

(Filename: Library/PackageCache/com.unity.terrain-tools@3.0.2-preview.3/Editor/TerrainTools/NoiseLib/API/NoiseLib.cs Line: 306)

NoiseLib::GatherFractalTypes: Failed to get types from assembly: Assembly-CSharp, Version=0.0.0.0, Culture=neutral, PublicKeyToken=null
UnityEngine.StackTraceUtility:ExtractStackTrace ()
UnityEngine.DebugLogHandler:LogFormat (UnityEngine.LogType,UnityEngine.Object,string,object[])
UnityEngine.Logger:Log (UnityEngine.LogType,object)
UnityEngine.Debug:Log (object)
UnityEditor.Experimental.TerrainAPI.NoiseLib:GatherFractalTypes () (at Library/PackageCache/com.unity.terrain-tools@3.0.2-preview.3/Editor/TerrainTools/NoiseLib/API/NoiseLib.cs:355)
UnityEditor.Experimental.TerrainAPI.NoiseLib:GenerateHeaderFiles () (at Library/PackageCache/com.unity.terrain-tools@3.0.2-preview.3/Editor/TerrainTools/NoiseLib/API/NoiseLib.cs:578)
UnityEditor.Experimental.TerrainAPI.NoiseLib:.cctor () (at Library/PackageCache/com.unity.terrain-tools@3.0.2-preview.3/Editor/TerrainTools/NoiseLib/API/NoiseLib.cs:40)
System.Runtime.CompilerServices.RuntimeHelpers:RunClassConstructor (System.RuntimeTypeHandle)
UnityEditor.EditorAssemblies:ProcessInitializeOnLoadAttributes (System.Type[])

(Filename: Library/PackageCache/com.unity.terrain-tools@3.0.2-preview.3/Editor/TerrainTools/NoiseLib/API/NoiseLib.cs Line: 355)

NoiseLib::GatherFractalTypes: Failed to get types from assembly: com.unity.multiplayer-weaver.Editor, Version=1.0.0.0, Culture=neutral, PublicKeyToken=null
UnityEngine.StackTraceUtility:ExtractStackTrace ()
UnityEngine.DebugLogHandler:LogFormat (UnityEngine.LogType,UnityEngine.Object,string,object[])
UnityEngine.Logger:Log (UnityEngine.LogType,object)
UnityEngine.Debug:Log (object)
UnityEditor.Experimental.TerrainAPI.NoiseLib:GatherFractalTypes () (at Library/PackageCache/com.unity.terrain-tools@3.0.2-preview.3/Editor/TerrainTools/NoiseLib/API/NoiseLib.cs:355)
UnityEditor.Experimental.TerrainAPI.NoiseLib:GenerateHeaderFiles () (at Library/PackageCache/com.unity.terrain-tools@3.0.2-preview.3/Editor/TerrainTools/NoiseLib/API/NoiseLib.cs:578)
UnityEditor.Experimental.TerrainAPI.NoiseLib:.cctor () (at Library/PackageCache/com.unity.terrain-tools@3.0.2-preview.3/Editor/TerrainTools/NoiseLib/API/NoiseLib.cs:40)
System.Runtime.CompilerServices.RuntimeHelpers:RunClassConstructor (System.RuntimeTypeHandle)
UnityEditor.EditorAssemblies:ProcessInitializeOnLoadAttributes (System.Type[])

(Filename: Library/PackageCache/com.unity.terrain-tools@3.0.2-preview.3/Editor/TerrainTools/NoiseLib/API/NoiseLib.cs Line: 355)

NoiseLib::GatherFractalTypes: Failed to get types from assembly: Unity.RenderPipelines.Core.Editor, Version=0.0.0.0, Culture=neutral, PublicKeyToken=null
UnityEngine.StackTraceUtility:ExtractStackTrace ()
UnityEngine.DebugLogHandler:LogFormat (UnityEngine.LogType,UnityEngine.Object,string,object[])
UnityEngine.Logger:Log (UnityEngine.LogType,object)
UnityEngine.Debug:Log (object)
UnityEditor.Experimental.TerrainAPI.NoiseLib:GatherFractalTypes () (at Library/PackageCache/com.unity.terrain-tools@3.0.2-preview.3/Editor/TerrainTools/NoiseLib/API/NoiseLib.cs:355)
UnityEditor.Experimental.TerrainAPI.NoiseLib:GenerateHeaderFiles () (at Library/PackageCache/com.unity.terrain-tools@3.0.2-preview.3/Editor/TerrainTools/NoiseLib/API/NoiseLib.cs:578)
UnityEditor.Experimental.TerrainAPI.NoiseLib:.cctor () (at Library/PackageCache/com.unity.terrain-tools@3.0.2-preview.3/Editor/TerrainTools/NoiseLib/API/NoiseLib.cs:40)
System.Runtime.CompilerServices.RuntimeHelpers:RunClassConstructor (System.RuntimeTypeHandle)
UnityEditor.EditorAssemblies:ProcessInitializeOnLoadAttributes (System.Type[])

(Filename: Library/PackageCache/com.unity.terrain-tools@3.0.2-preview.3/Editor/TerrainTools/NoiseLib/API/NoiseLib.cs Line: 355)

System.IO.FileNotFoundException: Could not load file or assembly 'Unity.Analytics.Editor, Version=1.0.0.0, Culture=neutral, PublicKeyToken=null' or one of its dependencies.
File name: 'Unity.Analytics.Editor, Version=1.0.0.0, Culture=neutral, PublicKeyToken=null'
UnityEngine.StackTraceUtility:ExtractStackTrace ()
UnityEngine.DebugLogHandler:LogFormat (UnityEngine.LogType,UnityEngine.Object,string,object[])
UnityEngine.Logger:Log (UnityEngine.LogType,object)
UnityEngine.Debug:LogError (object)
UnityEditor.EditorAssemblies:ProcessInitializeOnLoadAttributes (System.Type[])

Invoked RoslynAnalysisRunner static constructor.
RoslynAnalysisRunner will not be running.
RoslynAnalysisRunner has terminated.
Mono: successfully reloaded assembly
- Completed reload, in  1.453 seconds
Platform modules already initialized, skipping
========================================================================
Worker process is ready to serve import requests
Shader 'Universal Render Pipeline/Particles/Lit': fallback shader 'Universal Render Pipeline/Particles/SimpleLit' not found
Shader 'Lux URP/Particles/Simple Lit': fallback shader 'Lightweight Render Pipeline/Particles/Unlit' not found
Launched and connected shader compiler UnityShaderCompiler.exe after 0.03 seconds
Refreshing native plugins compatible for Editor in 1.62 ms, found 0 plugins.
Preloading 0 native plugins for Editor in 0.00 ms.
Unloading 3874 Unused Serialized files (Serialized files now loaded: 0)
System memory in use before: 305.0 MB.
System memory in use after: 303.9 MB.

Unloading 59 unused Assets to reduce memory usage. Loaded Objects now: 4336.
Total: 3.740200 ms (FindLiveObjects: 0.344300 ms CreateObjectMapping: 0.183600 ms MarkObjects: 2.153900 ms  DeleteObjects: 1.057200 ms)

========================================================================
Received Import Request.
  path: Assets/Characters/Mesh/WOTR_Rohan02.fbx
  artifactKey: Guid(d1ae25749b4679844b5821010da9cb2a) Importer(815301076,1909f56bfc062723c751e8b465ee728b)
Start importing Assets/Characters/Mesh/WOTR_Rohan02.fbx using Guid(d1ae25749b4679844b5821010da9cb2a) Importer(815301076,1909f56bfc062723c751e8b465ee728b)  -> (artifact id: 'ad38a5ea268ca6d661f2a7dd5e5b3d26') in 0.329183 seconds
  Import took 0.336751 seconds .

========================================================================
Received Prepare
Shader 'Universal Render Pipeline/Particles/Lit': fallback shader 'Universal Render Pipeline/Particles/SimpleLit' not found
Shader 'Lux URP/Particles/Simple Lit': fallback shader 'Lightweight Render Pipeline/Particles/Unlit' not found
Refreshing native plugins compatible for Editor in 6.65 ms, found 0 plugins.
Preloading 0 native plugins for Editor in 0.00 ms.
Unloading 36 Unused Serialized files (Serialized files now loaded: 0)
System memory in use before: 232.3 MB.
System memory in use after: 231.2 MB.

Unloading 36 unused Assets to reduce memory usage. Loaded Objects now: 4450.
Total: 4.359100 ms (FindLiveObjects: 0.361500 ms CreateObjectMapping: 0.171500 ms MarkObjects: 2.684700 ms  DeleteObjects: 1.140500 ms)

========================================================================
Received Import Request.
  Time since last request: 66.392137 seconds.
  path: Assets/Characters/Mesh/WOTR_Rohan02.fbx
  artifactKey: Guid(d1ae25749b4679844b5821010da9cb2a) Importer(815301076,1909f56bfc062723c751e8b465ee728b)
Start importing Assets/Characters/Mesh/WOTR_Rohan02.fbx using Guid(d1ae25749b4679844b5821010da9cb2a) Importer(815301076,1909f56bfc062723c751e8b465ee728b)  -> (artifact id: '947bd73e800b1480b5f488582b597a99') in 0.134746 seconds
  Import took 0.142907 seconds .

========================================================================
Received Prepare
Registering precompiled user dll's ...
Registered in 0.005792 seconds.
Begin MonoManager ReloadAssembly
Error: Could not load signature of Unity.UNetWeaver.Helpers:GetSymbolReaderProvider due to: Could not load file or assembly 'Mono.Cecil, Version=0.10.0.0, Culture=neutral, PublicKeyToken=50cebf1cceb9d05e' or one of its dependencies. assembly:Mono.Cecil, Version=0.10.0.0, Culture=neutral, PublicKeyToken=50cebf1cceb9d05e type:<unknown type> member:(null) signature:<none>

Error: Could not load signature of DG.Tweening.DOTweenModuleAudio:DOFade due to: Could not load file or assembly 'DOTween, Version=1.0.0.0, Culture=neutral, PublicKeyToken=null' or one of its dependencies. assembly:DOTween, Version=1.0.0.0, Culture=neutral, PublicKeyToken=null type:<unknown type> member:(null) signature:<none>

Unloading broken assembly Library/ScriptAssemblies/Unity.RenderPipelines.Core.Editor.dll, this assembly can cause crashes in the runtime

Unloading broken assembly Library/ScriptAssemblies/com.unity.multiplayer-weaver.Editor.dll, this assembly can cause crashes in the runtime

Unloading broken assembly Library/ScriptAssemblies/Assembly-CSharp.dll, this assembly can cause crashes in the runtime

Native extension for Lumin target not found
Native extension for WindowsStandalone target not found
Native extension for WebGL target not found
Refreshing native plugins compatible for Editor in 1.83 ms, found 0 plugins.
Preloading 0 native plugins for Editor in 0.00 ms.
NoiseLib::GatherNoiseTypes: Failed to get types from assembly: Assembly-CSharp, Version=0.0.0.0, Culture=neutral, PublicKeyToken=null
UnityEngine.StackTraceUtility:ExtractStackTrace ()
UnityEngine.DebugLogHandler:LogFormat (UnityEngine.LogType,UnityEngine.Object,string,object[])
UnityEngine.Logger:Log (UnityEngine.LogType,object)
UnityEngine.Debug:Log (object)
UnityEditor.Experimental.TerrainAPI.NoiseLib:GatherNoiseTypes () (at Library/PackageCache/com.unity.terrain-tools@3.0.2-preview.3/Editor/TerrainTools/NoiseLib/API/NoiseLib.cs:306)
UnityEditor.Experimental.TerrainAPI.NoiseLib:GenerateHeaderFiles () (at Library/PackageCache/com.unity.terrain-tools@3.0.2-preview.3/Editor/TerrainTools/NoiseLib/API/NoiseLib.cs:577)
UnityEditor.Experimental.TerrainAPI.NoiseLib:.cctor () (at Library/PackageCache/com.unity.terrain-tools@3.0.2-preview.3/Editor/TerrainTools/NoiseLib/API/NoiseLib.cs:40)
System.Runtime.CompilerServices.RuntimeHelpers:RunClassConstructor (System.RuntimeTypeHandle)
UnityEditor.EditorAssemblies:ProcessInitializeOnLoadAttributes (System.Type[])

(Filename: Library/PackageCache/com.unity.terrain-tools@3.0.2-preview.3/Editor/TerrainTools/NoiseLib/API/NoiseLib.cs Line: 306)

NoiseLib::GatherNoiseTypes: Failed to get types from assembly: com.unity.multiplayer-weaver.Editor, Version=1.0.0.0, Culture=neutral, PublicKeyToken=null
UnityEngine.StackTraceUtility:ExtractStackTrace ()
UnityEngine.DebugLogHandler:LogFormat (UnityEngine.LogType,UnityEngine.Object,string,object[])
UnityEngine.Logger:Log (UnityEngine.LogType,object)
UnityEngine.Debug:Log (object)
UnityEditor.Experimental.TerrainAPI.NoiseLib:GatherNoiseTypes () (at Library/PackageCache/com.unity.terrain-tools@3.0.2-preview.3/Editor/TerrainTools/NoiseLib/API/NoiseLib.cs:306)
UnityEditor.Experimental.TerrainAPI.NoiseLib:GenerateHeaderFiles () (at Library/PackageCache/com.unity.terrain-tools@3.0.2-preview.3/Editor/TerrainTools/NoiseLib/API/NoiseLib.cs:577)
UnityEditor.Experimental.TerrainAPI.NoiseLib:.cctor () (at Library/PackageCache/com.unity.terrain-tools@3.0.2-preview.3/Editor/TerrainTools/NoiseLib/API/NoiseLib.cs:40)
System.Runtime.CompilerServices.RuntimeHelpers:RunClassConstructor (System.RuntimeTypeHandle)
UnityEditor.EditorAssemblies:ProcessInitializeOnLoadAttributes (System.Type[])

(Filename: Library/PackageCache/com.unity.terrain-tools@3.0.2-preview.3/Editor/TerrainTools/NoiseLib/API/NoiseLib.cs Line: 306)

NoiseLib::GatherNoiseTypes: Failed to get types from assembly: Unity.RenderPipelines.Core.Editor, Version=0.0.0.0, Culture=neutral, PublicKeyToken=null
UnityEngine.StackTraceUtility:ExtractStackTrace ()
UnityEngine.DebugLogHandler:LogFormat (UnityEngine.LogType,UnityEngine.Object,string,object[])
UnityEngine.Logger:Log (UnityEngine.LogType,object)
UnityEngine.Debug:Log (object)
UnityEditor.Experimental.TerrainAPI.NoiseLib:GatherNoiseTypes () (at Library/PackageCache/com.unity.terrain-tools@3.0.2-preview.3/Editor/TerrainTools/NoiseLib/API/NoiseLib.cs:306)
UnityEditor.Experimental.TerrainAPI.NoiseLib:GenerateHeaderFiles () (at Library/PackageCache/com.unity.terrain-tools@3.0.2-preview.3/Editor/TerrainTools/NoiseLib/API/NoiseLib.cs:577)
UnityEditor.Experimental.TerrainAPI.NoiseLib:.cctor () (at Library/PackageCache/com.unity.terrain-tools@3.0.2-preview.3/Editor/TerrainTools/NoiseLib/API/NoiseLib.cs:40)
System.Runtime.CompilerServices.RuntimeHelpers:RunClassConstructor (System.RuntimeTypeHandle)
UnityEditor.EditorAssemblies:ProcessInitializeOnLoadAttributes (System.Type[])

(Filename: Library/PackageCache/com.unity.terrain-tools@3.0.2-preview.3/Editor/TerrainTools/NoiseLib/API/NoiseLib.cs Line: 306)

NoiseLib::GatherFractalTypes: Failed to get types from assembly: Assembly-CSharp, Version=0.0.0.0, Culture=neutral, PublicKeyToken=null
UnityEngine.StackTraceUtility:ExtractStackTrace ()
UnityEngine.DebugLogHandler:LogFormat (UnityEngine.LogType,UnityEngine.Object,string,object[])
UnityEngine.Logger:Log (UnityEngine.LogType,object)
UnityEngine.Debug:Log (object)
UnityEditor.Experimental.TerrainAPI.NoiseLib:GatherFractalTypes () (at Library/PackageCache/com.unity.terrain-tools@3.0.2-preview.3/Editor/TerrainTools/NoiseLib/API/NoiseLib.cs:355)
UnityEditor.Experimental.TerrainAPI.NoiseLib:GenerateHeaderFiles () (at Library/PackageCache/com.unity.terrain-tools@3.0.2-preview.3/Editor/TerrainTools/NoiseLib/API/NoiseLib.cs:578)
UnityEditor.Experimental.TerrainAPI.NoiseLib:.cctor () (at Library/PackageCache/com.unity.terrain-tools@3.0.2-preview.3/Editor/TerrainTools/NoiseLib/API/NoiseLib.cs:40)
System.Runtime.CompilerServices.RuntimeHelpers:RunClassConstructor (System.RuntimeTypeHandle)
UnityEditor.EditorAssemblies:ProcessInitializeOnLoadAttributes (System.Type[])

(Filename: Library/PackageCache/com.unity.terrain-tools@3.0.2-preview.3/Editor/TerrainTools/NoiseLib/API/NoiseLib.cs Line: 355)

NoiseLib::GatherFractalTypes: Failed to get types from assembly: com.unity.multiplayer-weaver.Editor, Version=1.0.0.0, Culture=neutral, PublicKeyToken=null
UnityEngine.StackTraceUtility:ExtractStackTrace ()
UnityEngine.DebugLogHandler:LogFormat (UnityEngine.LogType,UnityEngine.Object,string,object[])
UnityEngine.Logger:Log (UnityEngine.LogType,object)
UnityEngine.Debug:Log (object)
UnityEditor.Experimental.TerrainAPI.NoiseLib:GatherFractalTypes () (at Library/PackageCache/com.unity.terrain-tools@3.0.2-preview.3/Editor/TerrainTools/NoiseLib/API/NoiseLib.cs:355)
UnityEditor.Experimental.TerrainAPI.NoiseLib:GenerateHeaderFiles () (at Library/PackageCache/com.unity.terrain-tools@3.0.2-preview.3/Editor/TerrainTools/NoiseLib/API/NoiseLib.cs:578)
UnityEditor.Experimental.TerrainAPI.NoiseLib:.cctor () (at Library/PackageCache/com.unity.terrain-tools@3.0.2-preview.3/Editor/TerrainTools/NoiseLib/API/NoiseLib.cs:40)
System.Runtime.CompilerServices.RuntimeHelpers:RunClassConstructor (System.RuntimeTypeHandle)
UnityEditor.EditorAssemblies:ProcessInitializeOnLoadAttributes (System.Type[])

(Filename: Library/PackageCache/com.unity.terrain-tools@3.0.2-preview.3/Editor/TerrainTools/NoiseLib/API/NoiseLib.cs Line: 355)

NoiseLib::GatherFractalTypes: Failed to get types from assembly: Unity.RenderPipelines.Core.Editor, Version=0.0.0.0, Culture=neutral, PublicKeyToken=null
UnityEngine.StackTraceUtility:ExtractStackTrace ()
UnityEngine.DebugLogHandler:LogFormat (UnityEngine.LogType,UnityEngine.Object,string,object[])
UnityEngine.Logger:Log (UnityEngine.LogType,object)
UnityEngine.Debug:Log (object)
UnityEditor.Experimental.TerrainAPI.NoiseLib:GatherFractalTypes () (at Library/PackageCache/com.unity.terrain-tools@3.0.2-preview.3/Editor/TerrainTools/NoiseLib/API/NoiseLib.cs:355)
UnityEditor.Experimental.TerrainAPI.NoiseLib:GenerateHeaderFiles () (at Library/PackageCache/com.unity.terrain-tools@3.0.2-preview.3/Editor/TerrainTools/NoiseLib/API/NoiseLib.cs:578)
UnityEditor.Experimental.TerrainAPI.NoiseLib:.cctor () (at Library/PackageCache/com.unity.terrain-tools@3.0.2-preview.3/Editor/TerrainTools/NoiseLib/API/NoiseLib.cs:40)
System.Runtime.CompilerServices.RuntimeHelpers:RunClassConstructor (System.RuntimeTypeHandle)
UnityEditor.EditorAssemblies:ProcessInitializeOnLoadAttributes (System.Type[])

(Filename: Library/PackageCache/com.unity.terrain-tools@3.0.2-preview.3/Editor/TerrainTools/NoiseLib/API/NoiseLib.cs Line: 355)

System.IO.FileNotFoundException: Could not load file or assembly 'Unity.Analytics.Editor, Version=1.0.0.0, Culture=neutral, PublicKeyToken=null' or one of its dependencies.
File name: 'Unity.Analytics.Editor, Version=1.0.0.0, Culture=neutral, PublicKeyToken=null'
UnityEngine.StackTraceUtility:ExtractStackTrace ()
UnityEngine.DebugLogHandler:LogFormat (UnityEngine.LogType,UnityEngine.Object,string,object[])
UnityEngine.Logger:Log (UnityEngine.LogType,object)
UnityEngine.Debug:LogError (object)
UnityEditor.EditorAssemblies:ProcessInitializeOnLoadAttributes (System.Type[])

Invoked RoslynAnalysisRunner static constructor.
RoslynAnalysisRunner will not be running.
RoslynAnalysisRunner has terminated.
Mono: successfully reloaded assembly
- Completed reload, in  1.476 seconds
Platform modules already initialized, skipping
Shader 'Universal Render Pipeline/Particles/Lit': fallback shader 'Universal Render Pipeline/Particles/SimpleLit' not found
Shader 'Lux URP/Particles/Simple Lit': fallback shader 'Lightweight Render Pipeline/Particles/Unlit' not found
Refreshing native plugins compatible for Editor in 1.65 ms, found 0 plugins.
Preloading 0 native plugins for Editor in 0.00 ms.
Unloading 3606 Unused Serialized files (Serialized files now loaded: 0)
System memory in use before: 304.5 MB.
System memory in use after: 303.5 MB.

Unloading 40 unused Assets to reduce memory usage. Loaded Objects now: 4425.
Total: 4.327800 ms (FindLiveObjects: 0.367900 ms CreateObjectMapping: 0.180600 ms MarkObjects: 2.706000 ms  DeleteObjects: 1.071600 ms)

========================================================================
Received Import Request.
  Time since last request: 562.753644 seconds.
  path: Assets/Characters/Textures/WOTR_Rohan02 _D.tga
  artifactKey: Guid(ba32391b198cc484a8c0a3a2787c08ff) Importer(815301076,1909f56bfc062723c751e8b465ee728b)
Start importing Assets/Characters/Textures/WOTR_Rohan02 _D.tga using Guid(ba32391b198cc484a8c0a3a2787c08ff) Importer(815301076,1909f56bfc062723c751e8b465ee728b)  -> (artifact id: 'a21c977a1f95345e11e27223bda7f2a7') in 0.058652 seconds
  Import took 0.066535 seconds .

========================================================================
Received Import Request.
  Time since last request: 0.775315 seconds.
  path: Assets/Characters/Textures/WOTR_Rohan02 _D.psd
  artifactKey: Guid(b4303e5b264cce04ab75a09a00e61f3f) Importer(815301076,1909f56bfc062723c751e8b465ee728b)
Start importing Assets/Characters/Textures/WOTR_Rohan02 _D.psd using Guid(b4303e5b264cce04ab75a09a00e61f3f) Importer(815301076,1909f56bfc062723c751e8b465ee728b)  -> (artifact id: 'd66816692ad8632a87e45043453c2d24') in 0.019388 seconds
  Import took 0.026329 seconds .

========================================================================
Received Import Request.
  Time since last request: 49.591431 seconds.
  path: Assets/Characters/Textures/WOTR_Rohan02 _D.tga
  artifactKey: Guid(ba32391b198cc484a8c0a3a2787c08ff) Importer(815301076,1909f56bfc062723c751e8b465ee728b)
Start importing Assets/Characters/Textures/WOTR_Rohan02 _D.tga using Guid(ba32391b198cc484a8c0a3a2787c08ff) Importer(815301076,1909f56bfc062723c751e8b465ee728b)  -> (artifact id: '2e6c2a34850cb958ab9a5e6994b8b6bd') in 0.014585 seconds
  Import took 0.021574 seconds .

========================================================================
Received Import Request.
  Time since last request: 46.471424 seconds.
  path: Assets/Characters/Textures/WOTR_Rohan02 _D.tga
  artifactKey: Guid(ba32391b198cc484a8c0a3a2787c08ff) Importer(815301076,1909f56bfc062723c751e8b465ee728b)
Start importing Assets/Characters/Textures/WOTR_Rohan02 _D.tga using Guid(ba32391b198cc484a8c0a3a2787c08ff) Importer(815301076,1909f56bfc062723c751e8b465ee728b)  -> (artifact id: 'e1c38b74e0a791a6600c7da143f749d5') in 0.013639 seconds
  Import took 0.020595 seconds .

========================================================================
Received Import Request.
  Time since last request: 57.785385 seconds.
  path: Assets/Characters/Textures/WOTR_Rohan02_MS.tga
  artifactKey: Guid(55dbd347d0b66974fac2d6faf4698ac9) Importer(815301076,1909f56bfc062723c751e8b465ee728b)
Start importing Assets/Characters/Textures/WOTR_Rohan02_MS.tga using Guid(55dbd347d0b66974fac2d6faf4698ac9) Importer(815301076,1909f56bfc062723c751e8b465ee728b)  -> (artifact id: '8a73dcac487d5d2497bf703ca48f4565') in 0.015490 seconds
  Import took 0.022802 seconds .

========================================================================
Received Import Request.
  Time since last request: 0.000171 seconds.
  path: Assets/Characters/Textures/WOTR_shield_02_N.tga
  artifactKey: Guid(185f30b628fb4bc48a1548f9dc3fc12e) Importer(815301076,1909f56bfc062723c751e8b465ee728b)
Start importing Assets/Characters/Textures/WOTR_shield_02_N.tga using Guid(185f30b628fb4bc48a1548f9dc3fc12e) Importer(815301076,1909f56bfc062723c751e8b465ee728b)  -> (artifact id: '8f9f420f4bba6d7a5df93d4611c9484a') in 0.015096 seconds
  Import took 0.022099 seconds .

========================================================================
Received Import Request.
  Time since last request: 0.009923 seconds.
  path: Assets/Characters/Textures/WOTR_Rohan02_MS.tga
  artifactKey: Guid(55dbd347d0b66974fac2d6faf4698ac9) Importer(815301076,1909f56bfc062723c751e8b465ee728b)
Start importing Assets/Characters/Textures/WOTR_Rohan02_MS.tga using Guid(55dbd347d0b66974fac2d6faf4698ac9) Importer(815301076,1909f56bfc062723c751e8b465ee728b)  -> (artifact id: '8a73dcac487d5d2497bf703ca48f4565') in 0.013418 seconds
  Import took 0.020957 seconds .

========================================================================
Received Import Request.
  Time since last request: 136.751535 seconds.
  path: Assets/Characters/Textures/WOTR_Rohan02_MS.tga
  artifactKey: Guid(55dbd347d0b66974fac2d6faf4698ac9) Importer(815301076,1909f56bfc062723c751e8b465ee728b)
Start importing Assets/Characters/Textures/WOTR_Rohan02_MS.tga using Guid(55dbd347d0b66974fac2d6faf4698ac9) Importer(815301076,1909f56bfc062723c751e8b465ee728b)  -> (artifact id: '073a5e559df7d5a6a23ccb033505735d') in 0.013144 seconds
  Import took 0.020071 seconds .

========================================================================
Received Prepare
Registering precompiled user dll's ...
Registered in 0.005341 seconds.
Begin MonoManager ReloadAssembly
Error: Could not load signature of Unity.UNetWeaver.Helpers:GetSymbolReaderProvider due to: Could not load file or assembly 'Mono.Cecil, Version=0.10.0.0, Culture=neutral, PublicKeyToken=50cebf1cceb9d05e' or one of its dependencies. assembly:Mono.Cecil, Version=0.10.0.0, Culture=neutral, PublicKeyToken=50cebf1cceb9d05e type:<unknown type> member:(null) signature:<none>

Error: Could not load signature of DG.Tweening.DOTweenModuleAudio:DOFade due to: Could not load file or assembly 'DOTween, Version=1.0.0.0, Culture=neutral, PublicKeyToken=null' or one of its dependencies. assembly:DOTween, Version=1.0.0.0, Culture=neutral, PublicKeyToken=null type:<unknown type> member:(null) signature:<none>

Unloading broken assembly Library/ScriptAssemblies/Unity.RenderPipelines.Core.Editor.dll, this assembly can cause crashes in the runtime

Unloading broken assembly Library/ScriptAssemblies/com.unity.multiplayer-weaver.Editor.dll, this assembly can cause crashes in the runtime

Unloading broken assembly Library/ScriptAssemblies/Assembly-CSharp.dll, this assembly can cause crashes in the runtime

Native extension for Lumin target not found
Native extension for WindowsStandalone target not found
Native extension for WebGL target not found
Refreshing native plugins compatible for Editor in 1.66 ms, found 0 plugins.
Preloading 0 native plugins for Editor in 0.00 ms.
NoiseLib::GatherNoiseTypes: Failed to get types from assembly: Assembly-CSharp, Version=0.0.0.0, Culture=neutral, PublicKeyToken=null
UnityEngine.StackTraceUtility:ExtractStackTrace ()
UnityEngine.DebugLogHandler:LogFormat (UnityEngine.LogType,UnityEngine.Object,string,object[])
UnityEngine.Logger:Log (UnityEngine.LogType,object)
UnityEngine.Debug:Log (object)
UnityEditor.Experimental.TerrainAPI.NoiseLib:GatherNoiseTypes () (at Library/PackageCache/com.unity.terrain-tools@3.0.2-preview.3/Editor/TerrainTools/NoiseLib/API/NoiseLib.cs:306)
UnityEditor.Experimental.TerrainAPI.NoiseLib:GenerateHeaderFiles () (at Library/PackageCache/com.unity.terrain-tools@3.0.2-preview.3/Editor/TerrainTools/NoiseLib/API/NoiseLib.cs:577)
UnityEditor.Experimental.TerrainAPI.NoiseLib:.cctor () (at Library/PackageCache/com.unity.terrain-tools@3.0.2-preview.3/Editor/TerrainTools/NoiseLib/API/NoiseLib.cs:40)
System.Runtime.CompilerServices.RuntimeHelpers:RunClassConstructor (System.RuntimeTypeHandle)
UnityEditor.EditorAssemblies:ProcessInitializeOnLoadAttributes (System.Type[])

(Filename: Library/PackageCache/com.unity.terrain-tools@3.0.2-preview.3/Editor/TerrainTools/NoiseLib/API/NoiseLib.cs Line: 306)

NoiseLib::GatherNoiseTypes: Failed to get types from assembly: com.unity.multiplayer-weaver.Editor, Version=1.0.0.0, Culture=neutral, PublicKeyToken=null
UnityEngine.StackTraceUtility:ExtractStackTrace ()
UnityEngine.DebugLogHandler:LogFormat (UnityEngine.LogType,UnityEngine.Object,string,object[])
UnityEngine.Logger:Log (UnityEngine.LogType,object)
UnityEngine.Debug:Log (object)
UnityEditor.Experimental.TerrainAPI.NoiseLib:GatherNoiseTypes () (at Library/PackageCache/com.unity.terrain-tools@3.0.2-preview.3/Editor/TerrainTools/NoiseLib/API/NoiseLib.cs:306)
UnityEditor.Experimental.TerrainAPI.NoiseLib:GenerateHeaderFiles () (at Library/PackageCache/com.unity.terrain-tools@3.0.2-preview.3/Editor/TerrainTools/NoiseLib/API/NoiseLib.cs:577)
UnityEditor.Experimental.TerrainAPI.NoiseLib:.cctor () (at Library/PackageCache/com.unity.terrain-tools@3.0.2-preview.3/Editor/TerrainTools/NoiseLib/API/NoiseLib.cs:40)
System.Runtime.CompilerServices.RuntimeHelpers:RunClassConstructor (System.RuntimeTypeHandle)
UnityEditor.EditorAssemblies:ProcessInitializeOnLoadAttributes (System.Type[])

(Filename: Library/PackageCache/com.unity.terrain-tools@3.0.2-preview.3/Editor/TerrainTools/NoiseLib/API/NoiseLib.cs Line: 306)

NoiseLib::GatherNoiseTypes: Failed to get types from assembly: Unity.RenderPipelines.Core.Editor, Version=0.0.0.0, Culture=neutral, PublicKeyToken=null
UnityEngine.StackTraceUtility:ExtractStackTrace ()
UnityEngine.DebugLogHandler:LogFormat (UnityEngine.LogType,UnityEngine.Object,string,object[])
UnityEngine.Logger:Log (UnityEngine.LogType,object)
UnityEngine.Debug:Log (object)
UnityEditor.Experimental.TerrainAPI.NoiseLib:GatherNoiseTypes () (at Library/PackageCache/com.unity.terrain-tools@3.0.2-preview.3/Editor/TerrainTools/NoiseLib/API/NoiseLib.cs:306)
UnityEditor.Experimental.TerrainAPI.NoiseLib:GenerateHeaderFiles () (at Library/PackageCache/com.unity.terrain-tools@3.0.2-preview.3/Editor/TerrainTools/NoiseLib/API/NoiseLib.cs:577)
UnityEditor.Experimental.TerrainAPI.NoiseLib:.cctor () (at Library/PackageCache/com.unity.terrain-tools@3.0.2-preview.3/Editor/TerrainTools/NoiseLib/API/NoiseLib.cs:40)
System.Runtime.CompilerServices.RuntimeHelpers:RunClassConstructor (System.RuntimeTypeHandle)
UnityEditor.EditorAssemblies:ProcessInitializeOnLoadAttributes (System.Type[])

(Filename: Library/PackageCache/com.unity.terrain-tools@3.0.2-preview.3/Editor/TerrainTools/NoiseLib/API/NoiseLib.cs Line: 306)

NoiseLib::GatherFractalTypes: Failed to get types from assembly: Assembly-CSharp, Version=0.0.0.0, Culture=neutral, PublicKeyToken=null
UnityEngine.StackTraceUtility:ExtractStackTrace ()
UnityEngine.DebugLogHandler:LogFormat (UnityEngine.LogType,UnityEngine.Object,string,object[])
UnityEngine.Logger:Log (UnityEngine.LogType,object)
UnityEngine.Debug:Log (object)
UnityEditor.Experimental.TerrainAPI.NoiseLib:GatherFractalTypes () (at Library/PackageCache/com.unity.terrain-tools@3.0.2-preview.3/Editor/TerrainTools/NoiseLib/API/NoiseLib.cs:355)
UnityEditor.Experimental.TerrainAPI.NoiseLib:GenerateHeaderFiles () (at Library/PackageCache/com.unity.terrain-tools@3.0.2-preview.3/Editor/TerrainTools/NoiseLib/API/NoiseLib.cs:578)
UnityEditor.Experimental.TerrainAPI.NoiseLib:.cctor () (at Library/PackageCache/com.unity.terrain-tools@3.0.2-preview.3/Editor/TerrainTools/NoiseLib/API/NoiseLib.cs:40)
System.Runtime.CompilerServices.RuntimeHelpers:RunClassConstructor (System.RuntimeTypeHandle)
UnityEditor.EditorAssemblies:ProcessInitializeOnLoadAttributes (System.Type[])

(Filename: Library/PackageCache/com.unity.terrain-tools@3.0.2-preview.3/Editor/TerrainTools/NoiseLib/API/NoiseLib.cs Line: 355)

NoiseLib::GatherFractalTypes: Failed to get types from assembly: com.unity.multiplayer-weaver.Editor, Version=1.0.0.0, Culture=neutral, PublicKeyToken=null
UnityEngine.StackTraceUtility:ExtractStackTrace ()
UnityEngine.DebugLogHandler:LogFormat (UnityEngine.LogType,UnityEngine.Object,string,object[])
UnityEngine.Logger:Log (UnityEngine.LogType,object)
UnityEngine.Debug:Log (object)
UnityEditor.Experimental.TerrainAPI.NoiseLib:GatherFractalTypes () (at Library/PackageCache/com.unity.terrain-tools@3.0.2-preview.3/Editor/TerrainTools/NoiseLib/API/NoiseLib.cs:355)
UnityEditor.Experimental.TerrainAPI.NoiseLib:GenerateHeaderFiles () (at Library/PackageCache/com.unity.terrain-tools@3.0.2-preview.3/Editor/TerrainTools/NoiseLib/API/NoiseLib.cs:578)
UnityEditor.Experimental.TerrainAPI.NoiseLib:.cctor () (at Library/PackageCache/com.unity.terrain-tools@3.0.2-preview.3/Editor/TerrainTools/NoiseLib/API/NoiseLib.cs:40)
System.Runtime.CompilerServices.RuntimeHelpers:RunClassConstructor (System.RuntimeTypeHandle)
UnityEditor.EditorAssemblies:ProcessInitializeOnLoadAttributes (System.Type[])

(Filename: Library/PackageCache/com.unity.terrain-tools@3.0.2-preview.3/Editor/TerrainTools/NoiseLib/API/NoiseLib.cs Line: 355)

NoiseLib::GatherFractalTypes: Failed to get types from assembly: Unity.RenderPipelines.Core.Editor, Version=0.0.0.0, Culture=neutral, PublicKeyToken=null
UnityEngine.StackTraceUtility:ExtractStackTrace ()
UnityEngine.DebugLogHandler:LogFormat (UnityEngine.LogType,UnityEngine.Object,string,object[])
UnityEngine.Logger:Log (UnityEngine.LogType,object)
UnityEngine.Debug:Log (object)
UnityEditor.Experimental.TerrainAPI.NoiseLib:GatherFractalTypes () (at Library/PackageCache/com.unity.terrain-tools@3.0.2-preview.3/Editor/TerrainTools/NoiseLib/API/NoiseLib.cs:355)
UnityEditor.Experimental.TerrainAPI.NoiseLib:GenerateHeaderFiles () (at Library/PackageCache/com.unity.terrain-tools@3.0.2-preview.3/Editor/TerrainTools/NoiseLib/API/NoiseLib.cs:578)
UnityEditor.Experimental.TerrainAPI.NoiseLib:.cctor () (at Library/PackageCache/com.unity.terrain-tools@3.0.2-preview.3/Editor/TerrainTools/NoiseLib/API/NoiseLib.cs:40)
System.Runtime.CompilerServices.RuntimeHelpers:RunClassConstructor (System.RuntimeTypeHandle)
UnityEditor.EditorAssemblies:ProcessInitializeOnLoadAttributes (System.Type[])

(Filename: Library/PackageCache/com.unity.terrain-tools@3.0.2-preview.3/Editor/TerrainTools/NoiseLib/API/NoiseLib.cs Line: 355)

System.IO.FileNotFoundException: Could not load file or assembly 'Unity.Analytics.Editor, Version=1.0.0.0, Culture=neutral, PublicKeyToken=null' or one of its dependencies.
File name: 'Unity.Analytics.Editor, Version=1.0.0.0, Culture=neutral, PublicKeyToken=null'
UnityEngine.StackTraceUtility:ExtractStackTrace ()
UnityEngine.DebugLogHandler:LogFormat (UnityEngine.LogType,UnityEngine.Object,string,object[])
UnityEngine.Logger:Log (UnityEngine.LogType,object)
UnityEngine.Debug:LogError (object)
UnityEditor.EditorAssemblies:ProcessInitializeOnLoadAttributes (System.Type[])

Invoked RoslynAnalysisRunner static constructor.
RoslynAnalysisRunner will not be running.
RoslynAnalysisRunner has terminated.
Mono: successfully reloaded assembly
- Completed reload, in  1.318 seconds
Platform modules already initialized, skipping
Shader 'Universal Render Pipeline/Particles/Lit': fallback shader 'Universal Render Pipeline/Particles/SimpleLit' not found
Shader 'Lux URP/Particles/Simple Lit': fallback shader 'Lightweight Render Pipeline/Particles/Unlit' not found
Refreshing native plugins compatible for Editor in 1.54 ms, found 0 plugins.
Preloading 0 native plugins for Editor in 0.00 ms.
Unloading 3606 Unused Serialized files (Serialized files now loaded: 0)
System memory in use before: 304.6 MB.
System memory in use after: 303.6 MB.

Unloading 40 unused Assets to reduce memory usage. Loaded Objects now: 4428.
Total: 4.099000 ms (FindLiveObjects: 0.347800 ms CreateObjectMapping: 0.169900 ms MarkObjects: 2.406000 ms  DeleteObjects: 1.174300 ms)

========================================================================
Received Import Request.
  Time since last request: 273.292325 seconds.
  path: Assets/Malbers Animations/Horse AnimSet Pro/2 - Animations/AC Rider.controller
  artifactKey: Guid(d3ab1aea1757c1b40835f20925b7d23b) Importer(815301076,1909f56bfc062723c751e8b465ee728b)
Start importing Assets/Malbers Animations/Horse AnimSet Pro/2 - Animations/AC Rider.controller using Guid(d3ab1aea1757c1b40835f20925b7d23b) Importer(815301076,1909f56bfc062723c751e8b465ee728b)  -> (artifact id: '5e9d182c904879d38bf7372c681341ce') in 0.587102 seconds
  Import took 0.607552 seconds .

========================================================================
Received Import Request.
  Time since last request: 0.000205 seconds.
  path: Assets/Malbers Animations/Common/Human Anims/Locomotion/S_Idle.fbx
  artifactKey: Guid(adba5936348c1e1459e4a28103f7b697) Importer(815301076,1909f56bfc062723c751e8b465ee728b)
Start importing Assets/Malbers Animations/Common/Human Anims/Locomotion/S_Idle.fbx using Guid(adba5936348c1e1459e4a28103f7b697) Importer(815301076,1909f56bfc062723c751e8b465ee728b)  -> (artifact id: 'a87b44f270456606efb91721a6b59ac1') in 0.018587 seconds
  Import took 0.025830 seconds .

========================================================================
Received Import Request.
  Time since last request: 35.764507 seconds.
  path: Assets/Malbers Animations/Horse AnimSet Pro/Resources/Layers/Mount v2.controller
  artifactKey: Guid(cd625b3f866b30e4786bfc70accb7e8a) Importer(815301076,1909f56bfc062723c751e8b465ee728b)
Start importing Assets/Malbers Animations/Horse AnimSet Pro/Resources/Layers/Mount v2.controller using Guid(cd625b3f866b30e4786bfc70accb7e8a) Importer(815301076,1909f56bfc062723c751e8b465ee728b)  -> (artifact id: '236a1f0569013a6d1c9b228d46f9db89') in 0.099530 seconds
  Import took 0.113519 seconds .

========================================================================
Received Import Request.
  Time since last request: 59.780727 seconds.
  path: Assets/Malbers Animations/Horse AnimSet Pro/2 - Animations/Animations Clips/Rider/Weapons While Riding/Rider_Weapon_Spear.fbx
  artifactKey: Guid(255f06395bdfb0c4c8b0794d8570112e) Importer(815301076,1909f56bfc062723c751e8b465ee728b)
Start importing Assets/Malbers Animations/Horse AnimSet Pro/2 - Animations/Animations Clips/Rider/Weapons While Riding/Rider_Weapon_Spear.fbx using Guid(255f06395bdfb0c4c8b0794d8570112e) Importer(815301076,1909f56bfc062723c751e8b465ee728b)  -> (artifact id: 'd1313593950031ee1194adde38850155') in 0.012190 seconds
  Import took 0.019869 seconds .

========================================================================
Received Import Request.
  Time since last request: 127.766857 seconds.
  path: Assets/Malbers Animations/Common/Human Anims/Actions/S_PickUp.fbx
  artifactKey: Guid(b5de05a9c69c8dd468a91edffe36ccee) Importer(815301076,1909f56bfc062723c751e8b465ee728b)
Start importing Assets/Malbers Animations/Common/Human Anims/Actions/S_PickUp.fbx using Guid(b5de05a9c69c8dd468a91edffe36ccee) Importer(815301076,1909f56bfc062723c751e8b465ee728b)  -> (artifact id: '95dd16806690d5c9fc9bb774e77ce140') in 0.010317 seconds
  Import took 0.017724 seconds .

========================================================================
Received Import Request.
  Time since last request: 0.001377 seconds.
  path: Assets/Malbers Animations/Common/Human Anims/Actions/S_PickUp.fbx
  artifactKey: Guid(b5de05a9c69c8dd468a91edffe36ccee) Importer(815301076,1909f56bfc062723c751e8b465ee728b)
Start importing Assets/Malbers Animations/Common/Human Anims/Actions/S_PickUp.fbx using Guid(b5de05a9c69c8dd468a91edffe36ccee) Importer(815301076,1909f56bfc062723c751e8b465ee728b)  -> (artifact id: '95dd16806690d5c9fc9bb774e77ce140') in 0.006033 seconds
  Import took 0.013202 seconds .

========================================================================
Received Prepare
Registering precompiled user dll's ...
Registered in 0.005306 seconds.
Begin MonoManager ReloadAssembly
Error: Could not load signature of Unity.UNetWeaver.Helpers:GetSymbolReaderProvider due to: Could not load file or assembly 'Mono.Cecil, Version=0.10.0.0, Culture=neutral, PublicKeyToken=50cebf1cceb9d05e' or one of its dependencies. assembly:Mono.Cecil, Version=0.10.0.0, Culture=neutral, PublicKeyToken=50cebf1cceb9d05e type:<unknown type> member:(null) signature:<none>

Error: Could not load signature of DG.Tweening.DOTweenModuleAudio:DOFade due to: Could not load file or assembly 'DOTween, Version=1.0.0.0, Culture=neutral, PublicKeyToken=null' or one of its dependencies. assembly:DOTween, Version=1.0.0.0, Culture=neutral, PublicKeyToken=null type:<unknown type> member:(null) signature:<none>

Unloading broken assembly Library/ScriptAssemblies/Unity.RenderPipelines.Core.Editor.dll, this assembly can cause crashes in the runtime

Unloading broken assembly Library/ScriptAssemblies/com.unity.multiplayer-weaver.Editor.dll, this assembly can cause crashes in the runtime

Unloading broken assembly Library/ScriptAssemblies/Assembly-CSharp.dll, this assembly can cause crashes in the runtime

Native extension for Lumin target not found
Native extension for WindowsStandalone target not found
Native extension for WebGL target not found
Refreshing native plugins compatible for Editor in 1.50 ms, found 0 plugins.
Preloading 0 native plugins for Editor in 0.00 ms.
NoiseLib::GatherNoiseTypes: Failed to get types from assembly: Assembly-CSharp, Version=0.0.0.0, Culture=neutral, PublicKeyToken=null
UnityEngine.StackTraceUtility:ExtractStackTrace ()
UnityEngine.DebugLogHandler:LogFormat (UnityEngine.LogType,UnityEngine.Object,string,object[])
UnityEngine.Logger:Log (UnityEngine.LogType,object)
UnityEngine.Debug:Log (object)
UnityEditor.Experimental.TerrainAPI.NoiseLib:GatherNoiseTypes () (at Library/PackageCache/com.unity.terrain-tools@3.0.2-preview.3/Editor/TerrainTools/NoiseLib/API/NoiseLib.cs:306)
UnityEditor.Experimental.TerrainAPI.NoiseLib:GenerateHeaderFiles () (at Library/PackageCache/com.unity.terrain-tools@3.0.2-preview.3/Editor/TerrainTools/NoiseLib/API/NoiseLib.cs:577)
UnityEditor.Experimental.TerrainAPI.NoiseLib:.cctor () (at Library/PackageCache/com.unity.terrain-tools@3.0.2-preview.3/Editor/TerrainTools/NoiseLib/API/NoiseLib.cs:40)
System.Runtime.CompilerServices.RuntimeHelpers:RunClassConstructor (System.RuntimeTypeHandle)
UnityEditor.EditorAssemblies:ProcessInitializeOnLoadAttributes (System.Type[])

(Filename: Library/PackageCache/com.unity.terrain-tools@3.0.2-preview.3/Editor/TerrainTools/NoiseLib/API/NoiseLib.cs Line: 306)

NoiseLib::GatherNoiseTypes: Failed to get types from assembly: com.unity.multiplayer-weaver.Editor, Version=1.0.0.0, Culture=neutral, PublicKeyToken=null
UnityEngine.StackTraceUtility:ExtractStackTrace ()
UnityEngine.DebugLogHandler:LogFormat (UnityEngine.LogType,UnityEngine.Object,string,object[])
UnityEngine.Logger:Log (UnityEngine.LogType,object)
UnityEngine.Debug:Log (object)
UnityEditor.Experimental.TerrainAPI.NoiseLib:GatherNoiseTypes () (at Library/PackageCache/com.unity.terrain-tools@3.0.2-preview.3/Editor/TerrainTools/NoiseLib/API/NoiseLib.cs:306)
UnityEditor.Experimental.TerrainAPI.NoiseLib:GenerateHeaderFiles () (at Library/PackageCache/com.unity.terrain-tools@3.0.2-preview.3/Editor/TerrainTools/NoiseLib/API/NoiseLib.cs:577)
UnityEditor.Experimental.TerrainAPI.NoiseLib:.cctor () (at Library/PackageCache/com.unity.terrain-tools@3.0.2-preview.3/Editor/TerrainTools/NoiseLib/API/NoiseLib.cs:40)
System.Runtime.CompilerServices.RuntimeHelpers:RunClassConstructor (System.RuntimeTypeHandle)
UnityEditor.EditorAssemblies:ProcessInitializeOnLoadAttributes (System.Type[])

(Filename: Library/PackageCache/com.unity.terrain-tools@3.0.2-preview.3/Editor/TerrainTools/NoiseLib/API/NoiseLib.cs Line: 306)

NoiseLib::GatherNoiseTypes: Failed to get types from assembly: Unity.RenderPipelines.Core.Editor, Version=0.0.0.0, Culture=neutral, PublicKeyToken=null
UnityEngine.StackTraceUtility:ExtractStackTrace ()
UnityEngine.DebugLogHandler:LogFormat (UnityEngine.LogType,UnityEngine.Object,string,object[])
UnityEngine.Logger:Log (UnityEngine.LogType,object)
UnityEngine.Debug:Log (object)
UnityEditor.Experimental.TerrainAPI.NoiseLib:GatherNoiseTypes () (at Library/PackageCache/com.unity.terrain-tools@3.0.2-preview.3/Editor/TerrainTools/NoiseLib/API/NoiseLib.cs:306)
UnityEditor.Experimental.TerrainAPI.NoiseLib:GenerateHeaderFiles () (at Library/PackageCache/com.unity.terrain-tools@3.0.2-preview.3/Editor/TerrainTools/NoiseLib/API/NoiseLib.cs:577)
UnityEditor.Experimental.TerrainAPI.NoiseLib:.cctor () (at Library/PackageCache/com.unity.terrain-tools@3.0.2-preview.3/Editor/TerrainTools/NoiseLib/API/NoiseLib.cs:40)
System.Runtime.CompilerServices.RuntimeHelpers:RunClassConstructor (System.RuntimeTypeHandle)
UnityEditor.EditorAssemblies:ProcessInitializeOnLoadAttributes (System.Type[])

(Filename: Library/PackageCache/com.unity.terrain-tools@3.0.2-preview.3/Editor/TerrainTools/NoiseLib/API/NoiseLib.cs Line: 306)

NoiseLib::GatherFractalTypes: Failed to get types from assembly: Assembly-CSharp, Version=0.0.0.0, Culture=neutral, PublicKeyToken=null
UnityEngine.StackTraceUtility:ExtractStackTrace ()
UnityEngine.DebugLogHandler:LogFormat (UnityEngine.LogType,UnityEngine.Object,string,object[])
UnityEngine.Logger:Log (UnityEngine.LogType,object)
UnityEngine.Debug:Log (object)
UnityEditor.Experimental.TerrainAPI.NoiseLib:GatherFractalTypes () (at Library/PackageCache/com.unity.terrain-tools@3.0.2-preview.3/Editor/TerrainTools/NoiseLib/API/NoiseLib.cs:355)
UnityEditor.Experimental.TerrainAPI.NoiseLib:GenerateHeaderFiles () (at Library/PackageCache/com.unity.terrain-tools@3.0.2-preview.3/Editor/TerrainTools/NoiseLib/API/NoiseLib.cs:578)
UnityEditor.Experimental.TerrainAPI.NoiseLib:.cctor () (at Library/PackageCache/com.unity.terrain-tools@3.0.2-preview.3/Editor/TerrainTools/NoiseLib/API/NoiseLib.cs:40)
System.Runtime.CompilerServices.RuntimeHelpers:RunClassConstructor (System.RuntimeTypeHandle)
UnityEditor.EditorAssemblies:ProcessInitializeOnLoadAttributes (System.Type[])

(Filename: Library/PackageCache/com.unity.terrain-tools@3.0.2-preview.3/Editor/TerrainTools/NoiseLib/API/NoiseLib.cs Line: 355)

NoiseLib::GatherFractalTypes: Failed to get types from assembly: com.unity.multiplayer-weaver.Editor, Version=1.0.0.0, Culture=neutral, PublicKeyToken=null
UnityEngine.StackTraceUtility:ExtractStackTrace ()
UnityEngine.DebugLogHandler:LogFormat (UnityEngine.LogType,UnityEngine.Object,string,object[])
UnityEngine.Logger:Log (UnityEngine.LogType,object)
UnityEngine.Debug:Log (object)
UnityEditor.Experimental.TerrainAPI.NoiseLib:GatherFractalTypes () (at Library/PackageCache/com.unity.terrain-tools@3.0.2-preview.3/Editor/TerrainTools/NoiseLib/API/NoiseLib.cs:355)
UnityEditor.Experimental.TerrainAPI.NoiseLib:GenerateHeaderFiles () (at Library/PackageCache/com.unity.terrain-tools@3.0.2-preview.3/Editor/TerrainTools/NoiseLib/API/NoiseLib.cs:578)
UnityEditor.Experimental.TerrainAPI.NoiseLib:.cctor () (at Library/PackageCache/com.unity.terrain-tools@3.0.2-preview.3/Editor/TerrainTools/NoiseLib/API/NoiseLib.cs:40)
System.Runtime.CompilerServices.RuntimeHelpers:RunClassConstructor (System.RuntimeTypeHandle)
UnityEditor.EditorAssemblies:ProcessInitializeOnLoadAttributes (System.Type[])

(Filename: Library/PackageCache/com.unity.terrain-tools@3.0.2-preview.3/Editor/TerrainTools/NoiseLib/API/NoiseLib.cs Line: 355)

NoiseLib::GatherFractalTypes: Failed to get types from assembly: Unity.RenderPipelines.Core.Editor, Version=0.0.0.0, Culture=neutral, PublicKeyToken=null
UnityEngine.StackTraceUtility:ExtractStackTrace ()
UnityEngine.DebugLogHandler:LogFormat (UnityEngine.LogType,UnityEngine.Object,string,object[])
UnityEngine.Logger:Log (UnityEngine.LogType,object)
UnityEngine.Debug:Log (object)
UnityEditor.Experimental.TerrainAPI.NoiseLib:GatherFractalTypes () (at Library/PackageCache/com.unity.terrain-tools@3.0.2-preview.3/Editor/TerrainTools/NoiseLib/API/NoiseLib.cs:355)
UnityEditor.Experimental.TerrainAPI.NoiseLib:GenerateHeaderFiles () (at Library/PackageCache/com.unity.terrain-tools@3.0.2-preview.3/Editor/TerrainTools/NoiseLib/API/NoiseLib.cs:578)
UnityEditor.Experimental.TerrainAPI.NoiseLib:.cctor () (at Library/PackageCache/com.unity.terrain-tools@3.0.2-preview.3/Editor/TerrainTools/NoiseLib/API/NoiseLib.cs:40)
System.Runtime.CompilerServices.RuntimeHelpers:RunClassConstructor (System.RuntimeTypeHandle)
UnityEditor.EditorAssemblies:ProcessInitializeOnLoadAttributes (System.Type[])

(Filename: Library/PackageCache/com.unity.terrain-tools@3.0.2-preview.3/Editor/TerrainTools/NoiseLib/API/NoiseLib.cs Line: 355)

System.IO.FileNotFoundException: Could not load file or assembly 'Unity.Analytics.Editor, Version=1.0.0.0, Culture=neutral, PublicKeyToken=null' or one of its dependencies.
File name: 'Unity.Analytics.Editor, Version=1.0.0.0, Culture=neutral, PublicKeyToken=null'
UnityEngine.StackTraceUtility:ExtractStackTrace ()
UnityEngine.DebugLogHandler:LogFormat (UnityEngine.LogType,UnityEngine.Object,string,object[])
UnityEngine.Logger:Log (UnityEngine.LogType,object)
UnityEngine.Debug:LogError (object)
UnityEditor.EditorAssemblies:ProcessInitializeOnLoadAttributes (System.Type[])

Invoked RoslynAnalysisRunner static constructor.
RoslynAnalysisRunner will not be running.
RoslynAnalysisRunner has terminated.
Mono: successfully reloaded assembly
- Completed reload, in  1.283 seconds
Platform modules already initialized, skipping
Shader 'Universal Render Pipeline/Particles/Lit': fallback shader 'Universal Render Pipeline/Particles/SimpleLit' not found
Shader 'Lux URP/Particles/Simple Lit': fallback shader 'Lightweight Render Pipeline/Particles/Unlit' not found
Refreshing native plugins compatible for Editor in 1.80 ms, found 0 plugins.
Preloading 0 native plugins for Editor in 0.00 ms.
Unloading 3606 Unused Serialized files (Serialized files now loaded: 0)
System memory in use before: 305.3 MB.
System memory in use after: 304.3 MB.

Unloading 40 unused Assets to reduce memory usage. Loaded Objects now: 4430.
Total: 4.090800 ms (FindLiveObjects: 0.349700 ms CreateObjectMapping: 0.170300 ms MarkObjects: 2.404800 ms  DeleteObjects: 1.165000 ms)

========================================================================
Received Import Request.
  Time since last request: 261.220682 seconds.
  path: Assets/Malbers Animations/Horse AnimSet Pro
  artifactKey: Guid(cd5cc566c297246499604b345e208de3) Importer(815301076,1909f56bfc062723c751e8b465ee728b)
Start importing Assets/Malbers Animations/Horse AnimSet Pro using Guid(cd5cc566c297246499604b345e208de3) Importer(815301076,1909f56bfc062723c751e8b465ee728b)  -> (artifact id: '51dc0b79cd3d6835ce30ff237d8931c0') in 0.010640 seconds
  Import took 0.018327 seconds .

========================================================================
Received Import Request.
  Time since last request: 2.162530 seconds.
  path: Assets/Malbers Animations/Horse AnimSet Pro/4 - Prefabs
  artifactKey: Guid(70fc72bee9c4e1e43a558b771038f6c3) Importer(815301076,1909f56bfc062723c751e8b465ee728b)
Start importing Assets/Malbers Animations/Horse AnimSet Pro/4 - Prefabs using Guid(70fc72bee9c4e1e43a558b771038f6c3) Importer(815301076,1909f56bfc062723c751e8b465ee728b)  -> (artifact id: '4ebf5332ca5664b4fd3750ea803b0f21') in 0.005853 seconds
  Import took 0.012804 seconds .

========================================================================
Received Import Request.
  Time since last request: 3.667417 seconds.
  path: Assets/Malbers Animations/Horse AnimSet Pro/1 - Demos
  artifactKey: Guid(aaaa29d59a5b0d148ad11a78f95d2576) Importer(815301076,1909f56bfc062723c751e8b465ee728b)
Start importing Assets/Malbers Animations/Horse AnimSet Pro/1 - Demos using Guid(aaaa29d59a5b0d148ad11a78f95d2576) Importer(815301076,1909f56bfc062723c751e8b465ee728b)  -> (artifact id: '4c96c07406813e1b5633e0d1cd4cdff7') in 0.006067 seconds
  Import took 0.013011 seconds .

========================================================================
Received Import Request.
  Time since last request: 278.001493 seconds.
  path: Assets/Malbers Animations/Common/Resources/IDs/ModeID/Hold by Time (Ability Status).asset
  artifactKey: Guid(e4f48d60063b7214bb59b15bff38e0b8) Importer(815301076,1909f56bfc062723c751e8b465ee728b)
Start importing Assets/Malbers Animations/Common/Resources/IDs/ModeID/Hold by Time (Ability Status).asset using Guid(e4f48d60063b7214bb59b15bff38e0b8) Importer(815301076,1909f56bfc062723c751e8b465ee728b)  -> (artifact id: '04ac2fb2961b3770f9d710c1ed6dfce5') in 0.086228 seconds
  Import took 0.093301 seconds .

========================================================================
Received Prepare
Registering precompiled user dll's ...
Registered in 0.005191 seconds.
Begin MonoManager ReloadAssembly
Error: Could not load signature of Unity.UNetWeaver.Helpers:GetSymbolReaderProvider due to: Could not load file or assembly 'Mono.Cecil, Version=0.10.0.0, Culture=neutral, PublicKeyToken=50cebf1cceb9d05e' or one of its dependencies. assembly:Mono.Cecil, Version=0.10.0.0, Culture=neutral, PublicKeyToken=50cebf1cceb9d05e type:<unknown type> member:(null) signature:<none>

Error: Could not load signature of DG.Tweening.DOTweenModuleAudio:DOFade due to: Could not load file or assembly 'DOTween, Version=1.0.0.0, Culture=neutral, PublicKeyToken=null' or one of its dependencies. assembly:DOTween, Version=1.0.0.0, Culture=neutral, PublicKeyToken=null type:<unknown type> member:(null) signature:<none>

Unloading broken assembly Library/ScriptAssemblies/Unity.RenderPipelines.Core.Editor.dll, this assembly can cause crashes in the runtime

Unloading broken assembly Library/ScriptAssemblies/com.unity.multiplayer-weaver.Editor.dll, this assembly can cause crashes in the runtime

Unloading broken assembly Library/ScriptAssemblies/Assembly-CSharp.dll, this assembly can cause crashes in the runtime

Native extension for Lumin target not found
Native extension for WindowsStandalone target not found
Native extension for WebGL target not found
Refreshing native plugins compatible for Editor in 1.60 ms, found 0 plugins.
Preloading 0 native plugins for Editor in 0.00 ms.
NoiseLib::GatherNoiseTypes: Failed to get types from assembly: Assembly-CSharp, Version=0.0.0.0, Culture=neutral, PublicKeyToken=null
UnityEngine.StackTraceUtility:ExtractStackTrace ()
UnityEngine.DebugLogHandler:LogFormat (UnityEngine.LogType,UnityEngine.Object,string,object[])
UnityEngine.Logger:Log (UnityEngine.LogType,object)
UnityEngine.Debug:Log (object)
UnityEditor.Experimental.TerrainAPI.NoiseLib:GatherNoiseTypes () (at Library/PackageCache/com.unity.terrain-tools@3.0.2-preview.3/Editor/TerrainTools/NoiseLib/API/NoiseLib.cs:306)
UnityEditor.Experimental.TerrainAPI.NoiseLib:GenerateHeaderFiles () (at Library/PackageCache/com.unity.terrain-tools@3.0.2-preview.3/Editor/TerrainTools/NoiseLib/API/NoiseLib.cs:577)
UnityEditor.Experimental.TerrainAPI.NoiseLib:.cctor () (at Library/PackageCache/com.unity.terrain-tools@3.0.2-preview.3/Editor/TerrainTools/NoiseLib/API/NoiseLib.cs:40)
System.Runtime.CompilerServices.RuntimeHelpers:RunClassConstructor (System.RuntimeTypeHandle)
UnityEditor.EditorAssemblies:ProcessInitializeOnLoadAttributes (System.Type[])

(Filename: Library/PackageCache/com.unity.terrain-tools@3.0.2-preview.3/Editor/TerrainTools/NoiseLib/API/NoiseLib.cs Line: 306)

NoiseLib::GatherNoiseTypes: Failed to get types from assembly: com.unity.multiplayer-weaver.Editor, Version=1.0.0.0, Culture=neutral, PublicKeyToken=null
UnityEngine.StackTraceUtility:ExtractStackTrace ()
UnityEngine.DebugLogHandler:LogFormat (UnityEngine.LogType,UnityEngine.Object,string,object[])
UnityEngine.Logger:Log (UnityEngine.LogType,object)
UnityEngine.Debug:Log (object)
UnityEditor.Experimental.TerrainAPI.NoiseLib:GatherNoiseTypes () (at Library/PackageCache/com.unity.terrain-tools@3.0.2-preview.3/Editor/TerrainTools/NoiseLib/API/NoiseLib.cs:306)
UnityEditor.Experimental.TerrainAPI.NoiseLib:GenerateHeaderFiles () (at Library/PackageCache/com.unity.terrain-tools@3.0.2-preview.3/Editor/TerrainTools/NoiseLib/API/NoiseLib.cs:577)
UnityEditor.Experimental.TerrainAPI.NoiseLib:.cctor () (at Library/PackageCache/com.unity.terrain-tools@3.0.2-preview.3/Editor/TerrainTools/NoiseLib/API/NoiseLib.cs:40)
System.Runtime.CompilerServices.RuntimeHelpers:RunClassConstructor (System.RuntimeTypeHandle)
UnityEditor.EditorAssemblies:ProcessInitializeOnLoadAttributes (System.Type[])

(Filename: Library/PackageCache/com.unity.terrain-tools@3.0.2-preview.3/Editor/TerrainTools/NoiseLib/API/NoiseLib.cs Line: 306)

NoiseLib::GatherNoiseTypes: Failed to get types from assembly: Unity.RenderPipelines.Core.Editor, Version=0.0.0.0, Culture=neutral, PublicKeyToken=null
UnityEngine.StackTraceUtility:ExtractStackTrace ()
UnityEngine.DebugLogHandler:LogFormat (UnityEngine.LogType,UnityEngine.Object,string,object[])
UnityEngine.Logger:Log (UnityEngine.LogType,object)
UnityEngine.Debug:Log (object)
UnityEditor.Experimental.TerrainAPI.NoiseLib:GatherNoiseTypes () (at Library/PackageCache/com.unity.terrain-tools@3.0.2-preview.3/Editor/TerrainTools/NoiseLib/API/NoiseLib.cs:306)
UnityEditor.Experimental.TerrainAPI.NoiseLib:GenerateHeaderFiles () (at Library/PackageCache/com.unity.terrain-tools@3.0.2-preview.3/Editor/TerrainTools/NoiseLib/API/NoiseLib.cs:577)
UnityEditor.Experimental.TerrainAPI.NoiseLib:.cctor () (at Library/PackageCache/com.unity.terrain-tools@3.0.2-preview.3/Editor/TerrainTools/NoiseLib/API/NoiseLib.cs:40)
System.Runtime.CompilerServices.RuntimeHelpers:RunClassConstructor (System.RuntimeTypeHandle)
UnityEditor.EditorAssemblies:ProcessInitializeOnLoadAttributes (System.Type[])

(Filename: Library/PackageCache/com.unity.terrain-tools@3.0.2-preview.3/Editor/TerrainTools/NoiseLib/API/NoiseLib.cs Line: 306)

NoiseLib::GatherFractalTypes: Failed to get types from assembly: Assembly-CSharp, Version=0.0.0.0, Culture=neutral, PublicKeyToken=null
UnityEngine.StackTraceUtility:ExtractStackTrace ()
UnityEngine.DebugLogHandler:LogFormat (UnityEngine.LogType,UnityEngine.Object,string,object[])
UnityEngine.Logger:Log (UnityEngine.LogType,object)
UnityEngine.Debug:Log (object)
UnityEditor.Experimental.TerrainAPI.NoiseLib:GatherFractalTypes () (at Library/PackageCache/com.unity.terrain-tools@3.0.2-preview.3/Editor/TerrainTools/NoiseLib/API/NoiseLib.cs:355)
UnityEditor.Experimental.TerrainAPI.NoiseLib:GenerateHeaderFiles () (at Library/PackageCache/com.unity.terrain-tools@3.0.2-preview.3/Editor/TerrainTools/NoiseLib/API/NoiseLib.cs:578)
UnityEditor.Experimental.TerrainAPI.NoiseLib:.cctor () (at Library/PackageCache/com.unity.terrain-tools@3.0.2-preview.3/Editor/TerrainTools/NoiseLib/API/NoiseLib.cs:40)
System.Runtime.CompilerServices.RuntimeHelpers:RunClassConstructor (System.RuntimeTypeHandle)
UnityEditor.EditorAssemblies:ProcessInitializeOnLoadAttributes (System.Type[])

(Filename: Library/PackageCache/com.unity.terrain-tools@3.0.2-preview.3/Editor/TerrainTools/NoiseLib/API/NoiseLib.cs Line: 355)

NoiseLib::GatherFractalTypes: Failed to get types from assembly: com.unity.multiplayer-weaver.Editor, Version=1.0.0.0, Culture=neutral, PublicKeyToken=null
UnityEngine.StackTraceUtility:ExtractStackTrace ()
UnityEngine.DebugLogHandler:LogFormat (UnityEngine.LogType,UnityEngine.Object,string,object[])
UnityEngine.Logger:Log (UnityEngine.LogType,object)
UnityEngine.Debug:Log (object)
UnityEditor.Experimental.TerrainAPI.NoiseLib:GatherFractalTypes () (at Library/PackageCache/com.unity.terrain-tools@3.0.2-preview.3/Editor/TerrainTools/NoiseLib/API/NoiseLib.cs:355)
UnityEditor.Experimental.TerrainAPI.NoiseLib:GenerateHeaderFiles () (at Library/PackageCache/com.unity.terrain-tools@3.0.2-preview.3/Editor/TerrainTools/NoiseLib/API/NoiseLib.cs:578)
UnityEditor.Experimental.TerrainAPI.NoiseLib:.cctor () (at Library/PackageCache/com.unity.terrain-tools@3.0.2-preview.3/Editor/TerrainTools/NoiseLib/API/NoiseLib.cs:40)
System.Runtime.CompilerServices.RuntimeHelpers:RunClassConstructor (System.RuntimeTypeHandle)
UnityEditor.EditorAssemblies:ProcessInitializeOnLoadAttributes (System.Type[])

(Filename: Library/PackageCache/com.unity.terrain-tools@3.0.2-preview.3/Editor/TerrainTools/NoiseLib/API/NoiseLib.cs Line: 355)

NoiseLib::GatherFractalTypes: Failed to get types from assembly: Unity.RenderPipelines.Core.Editor, Version=0.0.0.0, Culture=neutral, PublicKeyToken=null
UnityEngine.StackTraceUtility:ExtractStackTrace ()
UnityEngine.DebugLogHandler:LogFormat (UnityEngine.LogType,UnityEngine.Object,string,object[])
UnityEngine.Logger:Log (UnityEngine.LogType,object)
UnityEngine.Debug:Log (object)
UnityEditor.Experimental.TerrainAPI.NoiseLib:GatherFractalTypes () (at Library/PackageCache/com.unity.terrain-tools@3.0.2-preview.3/Editor/TerrainTools/NoiseLib/API/NoiseLib.cs:355)
UnityEditor.Experimental.TerrainAPI.NoiseLib:GenerateHeaderFiles () (at Library/PackageCache/com.unity.terrain-tools@3.0.2-preview.3/Editor/TerrainTools/NoiseLib/API/NoiseLib.cs:578)
UnityEditor.Experimental.TerrainAPI.NoiseLib:.cctor () (at Library/PackageCache/com.unity.terrain-tools@3.0.2-preview.3/Editor/TerrainTools/NoiseLib/API/NoiseLib.cs:40)
System.Runtime.CompilerServices.RuntimeHelpers:RunClassConstructor (System.RuntimeTypeHandle)
UnityEditor.EditorAssemblies:ProcessInitializeOnLoadAttributes (System.Type[])

(Filename: Library/PackageCache/com.unity.terrain-tools@3.0.2-preview.3/Editor/TerrainTools/NoiseLib/API/NoiseLib.cs Line: 355)

System.IO.FileNotFoundException: Could not load file or assembly 'Unity.Analytics.Editor, Version=1.0.0.0, Culture=neutral, PublicKeyToken=null' or one of its dependencies.
File name: 'Unity.Analytics.Editor, Version=1.0.0.0, Culture=neutral, PublicKeyToken=null'
UnityEngine.StackTraceUtility:ExtractStackTrace ()
UnityEngine.DebugLogHandler:LogFormat (UnityEngine.LogType,UnityEngine.Object,string,object[])
UnityEngine.Logger:Log (UnityEngine.LogType,object)
UnityEngine.Debug:LogError (object)
UnityEditor.EditorAssemblies:ProcessInitializeOnLoadAttributes (System.Type[])

Invoked RoslynAnalysisRunner static constructor.
RoslynAnalysisRunner will not be running.
RoslynAnalysisRunner has terminated.
Mono: successfully reloaded assembly
- Completed reload, in  1.275 seconds
Platform modules already initialized, skipping
Shader 'Universal Render Pipeline/Particles/Lit': fallback shader 'Universal Render Pipeline/Particles/SimpleLit' not found
Shader 'Lux URP/Particles/Simple Lit': fallback shader 'Lightweight Render Pipeline/Particles/Unlit' not found
Refreshing native plugins compatible for Editor in 1.51 ms, found 0 plugins.
Preloading 0 native plugins for Editor in 0.00 ms.
Unloading 3606 Unused Serialized files (Serialized files now loaded: 0)
System memory in use before: 305.4 MB.
System memory in use after: 304.3 MB.

Unloading 40 unused Assets to reduce memory usage. Loaded Objects now: 4432.
Total: 4.356600 ms (FindLiveObjects: 0.468700 ms CreateObjectMapping: 0.172500 ms MarkObjects: 2.482500 ms  DeleteObjects: 1.231600 ms)

========================================================================
Received Prepare
Registering precompiled user dll's ...
Registered in 0.005234 seconds.
Begin MonoManager ReloadAssembly
Error: Could not load signature of Unity.UNetWeaver.Helpers:GetSymbolReaderProvider due to: Could not load file or assembly 'Mono.Cecil, Version=0.10.0.0, Culture=neutral, PublicKeyToken=50cebf1cceb9d05e' or one of its dependencies. assembly:Mono.Cecil, Version=0.10.0.0, Culture=neutral, PublicKeyToken=50cebf1cceb9d05e type:<unknown type> member:(null) signature:<none>

Error: Could not load signature of DG.Tweening.DOTweenModuleAudio:DOFade due to: Could not load file or assembly 'DOTween, Version=1.0.0.0, Culture=neutral, PublicKeyToken=null' or one of its dependencies. assembly:DOTween, Version=1.0.0.0, Culture=neutral, PublicKeyToken=null type:<unknown type> member:(null) signature:<none>

Unloading broken assembly Library/ScriptAssemblies/Unity.RenderPipelines.Core.Editor.dll, this assembly can cause crashes in the runtime

Unloading broken assembly Library/ScriptAssemblies/com.unity.multiplayer-weaver.Editor.dll, this assembly can cause crashes in the runtime

Unloading broken assembly Library/ScriptAssemblies/Assembly-CSharp.dll, this assembly can cause crashes in the runtime

Native extension for Lumin target not found
Native extension for WindowsStandalone target not found
Native extension for WebGL target not found
Refreshing native plugins compatible for Editor in 1.59 ms, found 0 plugins.
Preloading 0 native plugins for Editor in 0.00 ms.
NoiseLib::GatherNoiseTypes: Failed to get types from assembly: Assembly-CSharp, Version=0.0.0.0, Culture=neutral, PublicKeyToken=null
UnityEngine.StackTraceUtility:ExtractStackTrace ()
UnityEngine.DebugLogHandler:LogFormat (UnityEngine.LogType,UnityEngine.Object,string,object[])
UnityEngine.Logger:Log (UnityEngine.LogType,object)
UnityEngine.Debug:Log (object)
UnityEditor.Experimental.TerrainAPI.NoiseLib:GatherNoiseTypes () (at Library/PackageCache/com.unity.terrain-tools@3.0.2-preview.3/Editor/TerrainTools/NoiseLib/API/NoiseLib.cs:306)
UnityEditor.Experimental.TerrainAPI.NoiseLib:GenerateHeaderFiles () (at Library/PackageCache/com.unity.terrain-tools@3.0.2-preview.3/Editor/TerrainTools/NoiseLib/API/NoiseLib.cs:577)
UnityEditor.Experimental.TerrainAPI.NoiseLib:.cctor () (at Library/PackageCache/com.unity.terrain-tools@3.0.2-preview.3/Editor/TerrainTools/NoiseLib/API/NoiseLib.cs:40)
System.Runtime.CompilerServices.RuntimeHelpers:RunClassConstructor (System.RuntimeTypeHandle)
UnityEditor.EditorAssemblies:ProcessInitializeOnLoadAttributes (System.Type[])

(Filename: Library/PackageCache/com.unity.terrain-tools@3.0.2-preview.3/Editor/TerrainTools/NoiseLib/API/NoiseLib.cs Line: 306)

NoiseLib::GatherNoiseTypes: Failed to get types from assembly: com.unity.multiplayer-weaver.Editor, Version=1.0.0.0, Culture=neutral, PublicKeyToken=null
UnityEngine.StackTraceUtility:ExtractStackTrace ()
UnityEngine.DebugLogHandler:LogFormat (UnityEngine.LogType,UnityEngine.Object,string,object[])
UnityEngine.Logger:Log (UnityEngine.LogType,object)
UnityEngine.Debug:Log (object)
UnityEditor.Experimental.TerrainAPI.NoiseLib:GatherNoiseTypes () (at Library/PackageCache/com.unity.terrain-tools@3.0.2-preview.3/Editor/TerrainTools/NoiseLib/API/NoiseLib.cs:306)
UnityEditor.Experimental.TerrainAPI.NoiseLib:GenerateHeaderFiles () (at Library/PackageCache/com.unity.terrain-tools@3.0.2-preview.3/Editor/TerrainTools/NoiseLib/API/NoiseLib.cs:577)
UnityEditor.Experimental.TerrainAPI.NoiseLib:.cctor () (at Library/PackageCache/com.unity.terrain-tools@3.0.2-preview.3/Editor/TerrainTools/NoiseLib/API/NoiseLib.cs:40)
System.Runtime.CompilerServices.RuntimeHelpers:RunClassConstructor (System.RuntimeTypeHandle)
UnityEditor.EditorAssemblies:ProcessInitializeOnLoadAttributes (System.Type[])

(Filename: Library/PackageCache/com.unity.terrain-tools@3.0.2-preview.3/Editor/TerrainTools/NoiseLib/API/NoiseLib.cs Line: 306)

NoiseLib::GatherNoiseTypes: Failed to get types from assembly: Unity.RenderPipelines.Core.Editor, Version=0.0.0.0, Culture=neutral, PublicKeyToken=null
UnityEngine.StackTraceUtility:ExtractStackTrace ()
UnityEngine.DebugLogHandler:LogFormat (UnityEngine.LogType,UnityEngine.Object,string,object[])
UnityEngine.Logger:Log (UnityEngine.LogType,object)
UnityEngine.Debug:Log (object)
UnityEditor.Experimental.TerrainAPI.NoiseLib:GatherNoiseTypes () (at Library/PackageCache/com.unity.terrain-tools@3.0.2-preview.3/Editor/TerrainTools/NoiseLib/API/NoiseLib.cs:306)
UnityEditor.Experimental.TerrainAPI.NoiseLib:GenerateHeaderFiles () (at Library/PackageCache/com.unity.terrain-tools@3.0.2-preview.3/Editor/TerrainTools/NoiseLib/API/NoiseLib.cs:577)
UnityEditor.Experimental.TerrainAPI.NoiseLib:.cctor () (at Library/PackageCache/com.unity.terrain-tools@3.0.2-preview.3/Editor/TerrainTools/NoiseLib/API/NoiseLib.cs:40)
System.Runtime.CompilerServices.RuntimeHelpers:RunClassConstructor (System.RuntimeTypeHandle)
UnityEditor.EditorAssemblies:ProcessInitializeOnLoadAttributes (System.Type[])

(Filename: Library/PackageCache/com.unity.terrain-tools@3.0.2-preview.3/Editor/TerrainTools/NoiseLib/API/NoiseLib.cs Line: 306)

NoiseLib::GatherFractalTypes: Failed to get types from assembly: Assembly-CSharp, Version=0.0.0.0, Culture=neutral, PublicKeyToken=null
UnityEngine.StackTraceUtility:ExtractStackTrace ()
UnityEngine.DebugLogHandler:LogFormat (UnityEngine.LogType,UnityEngine.Object,string,object[])
UnityEngine.Logger:Log (UnityEngine.LogType,object)
UnityEngine.Debug:Log (object)
UnityEditor.Experimental.TerrainAPI.NoiseLib:GatherFractalTypes () (at Library/PackageCache/com.unity.terrain-tools@3.0.2-preview.3/Editor/TerrainTools/NoiseLib/API/NoiseLib.cs:355)
UnityEditor.Experimental.TerrainAPI.NoiseLib:GenerateHeaderFiles () (at Library/PackageCache/com.unity.terrain-tools@3.0.2-preview.3/Editor/TerrainTools/NoiseLib/API/NoiseLib.cs:578)
UnityEditor.Experimental.TerrainAPI.NoiseLib:.cctor () (at Library/PackageCache/com.unity.terrain-tools@3.0.2-preview.3/Editor/TerrainTools/NoiseLib/API/NoiseLib.cs:40)
System.Runtime.CompilerServices.RuntimeHelpers:RunClassConstructor (System.RuntimeTypeHandle)
UnityEditor.EditorAssemblies:ProcessInitializeOnLoadAttributes (System.Type[])

(Filename: Library/PackageCache/com.unity.terrain-tools@3.0.2-preview.3/Editor/TerrainTools/NoiseLib/API/NoiseLib.cs Line: 355)

NoiseLib::GatherFractalTypes: Failed to get types from assembly: com.unity.multiplayer-weaver.Editor, Version=1.0.0.0, Culture=neutral, PublicKeyToken=null
UnityEngine.StackTraceUtility:ExtractStackTrace ()
UnityEngine.DebugLogHandler:LogFormat (UnityEngine.LogType,UnityEngine.Object,string,object[])
UnityEngine.Logger:Log (UnityEngine.LogType,object)
UnityEngine.Debug:Log (object)
UnityEditor.Experimental.TerrainAPI.NoiseLib:GatherFractalTypes () (at Library/PackageCache/com.unity.terrain-tools@3.0.2-preview.3/Editor/TerrainTools/NoiseLib/API/NoiseLib.cs:355)
UnityEditor.Experimental.TerrainAPI.NoiseLib:GenerateHeaderFiles () (at Library/PackageCache/com.unity.terrain-tools@3.0.2-preview.3/Editor/TerrainTools/NoiseLib/API/NoiseLib.cs:578)
UnityEditor.Experimental.TerrainAPI.NoiseLib:.cctor () (at Library/PackageCache/com.unity.terrain-tools@3.0.2-preview.3/Editor/TerrainTools/NoiseLib/API/NoiseLib.cs:40)
System.Runtime.CompilerServices.RuntimeHelpers:RunClassConstructor (System.RuntimeTypeHandle)
UnityEditor.EditorAssemblies:ProcessInitializeOnLoadAttributes (System.Type[])

(Filename: Library/PackageCache/com.unity.terrain-tools@3.0.2-preview.3/Editor/TerrainTools/NoiseLib/API/NoiseLib.cs Line: 355)

NoiseLib::GatherFractalTypes: Failed to get types from assembly: Unity.RenderPipelines.Core.Editor, Version=0.0.0.0, Culture=neutral, PublicKeyToken=null
UnityEngine.StackTraceUtility:ExtractStackTrace ()
UnityEngine.DebugLogHandler:LogFormat (UnityEngine.LogType,UnityEngine.Object,string,object[])
UnityEngine.Logger:Log (UnityEngine.LogType,object)
UnityEngine.Debug:Log (object)
UnityEditor.Experimental.TerrainAPI.NoiseLib:GatherFractalTypes () (at Library/PackageCache/com.unity.terrain-tools@3.0.2-preview.3/Editor/TerrainTools/NoiseLib/API/NoiseLib.cs:355)
UnityEditor.Experimental.TerrainAPI.NoiseLib:GenerateHeaderFiles () (at Library/PackageCache/com.unity.terrain-tools@3.0.2-preview.3/Editor/TerrainTools/NoiseLib/API/NoiseLib.cs:578)
UnityEditor.Experimental.TerrainAPI.NoiseLib:.cctor () (at Library/PackageCache/com.unity.terrain-tools@3.0.2-preview.3/Editor/TerrainTools/NoiseLib/API/NoiseLib.cs:40)
System.Runtime.CompilerServices.RuntimeHelpers:RunClassConstructor (System.RuntimeTypeHandle)
UnityEditor.EditorAssemblies:ProcessInitializeOnLoadAttributes (System.Type[])

(Filename: Library/PackageCache/com.unity.terrain-tools@3.0.2-preview.3/Editor/TerrainTools/NoiseLib/API/NoiseLib.cs Line: 355)

System.IO.FileNotFoundException: Could not load file or assembly 'Unity.Analytics.Editor, Version=1.0.0.0, Culture=neutral, PublicKeyToken=null' or one of its dependencies.
File name: 'Unity.Analytics.Editor, Version=1.0.0.0, Culture=neutral, PublicKeyToken=null'
UnityEngine.StackTraceUtility:ExtractStackTrace ()
UnityEngine.DebugLogHandler:LogFormat (UnityEngine.LogType,UnityEngine.Object,string,object[])
UnityEngine.Logger:Log (UnityEngine.LogType,object)
UnityEngine.Debug:LogError (object)
UnityEditor.EditorAssemblies:ProcessInitializeOnLoadAttributes (System.Type[])

Invoked RoslynAnalysisRunner static constructor.
RoslynAnalysisRunner will not be running.
RoslynAnalysisRunner has terminated.
Mono: successfully reloaded assembly
- Completed reload, in  1.370 seconds
Platform modules already initialized, skipping
Shader 'Universal Render Pipeline/Particles/Lit': fallback shader 'Universal Render Pipeline/Particles/SimpleLit' not found
Shader 'Lux URP/Particles/Simple Lit': fallback shader 'Lightweight Render Pipeline/Particles/Unlit' not found
Refreshing native plugins compatible for Editor in 1.65 ms, found 0 plugins.
Preloading 0 native plugins for Editor in 0.00 ms.
Unloading 3606 Unused Serialized files (Serialized files now loaded: 0)
System memory in use before: 305.4 MB.
System memory in use after: 304.4 MB.

Unloading 40 unused Assets to reduce memory usage. Loaded Objects now: 4434.
Total: 4.955600 ms (FindLiveObjects: 0.562100 ms CreateObjectMapping: 0.325300 ms MarkObjects: 2.742200 ms  DeleteObjects: 1.324700 ms)

========================================================================
Received Import Request.
  Time since last request: 657.688653 seconds.
  path: Assets/Malbers Animations/Common/Resources/IDs/ModeID/Hold By Input (Ability Status).asset
  artifactKey: Guid(05623a39164c2a64e9a4356237825043) Importer(815301076,1909f56bfc062723c751e8b465ee728b)
Start importing Assets/Malbers Animations/Common/Resources/IDs/ModeID/Hold By Input (Ability Status).asset using Guid(05623a39164c2a64e9a4356237825043) Importer(815301076,1909f56bfc062723c751e8b465ee728b)  -> (artifact id: 'c7faac6c687c60a0573437a6233316a8') in 0.019719 seconds
  Import took 0.027341 seconds .

========================================================================
Received Import Request.
  Time since last request: 134.183413 seconds.
  path: Assets/Malbers Animations/Horse AnimSet Pro/3 - Assets/Events/Rider Combat/RC Use Pistol.asset
  artifactKey: Guid(41b24907a82d687488f4e8af1b603ee4) Importer(815301076,1909f56bfc062723c751e8b465ee728b)
Start importing Assets/Malbers Animations/Horse AnimSet Pro/3 - Assets/Events/Rider Combat/RC Use Pistol.asset using Guid(41b24907a82d687488f4e8af1b603ee4) Importer(815301076,1909f56bfc062723c751e8b465ee728b)  -> (artifact id: '03592f2db35811e31b19ba9ce54d5b00') in 0.008094 seconds
  Import took 0.015044 seconds .

========================================================================
Received Prepare
Registering precompiled user dll's ...
Registered in 0.005284 seconds.
Begin MonoManager ReloadAssembly
Error: Could not load signature of Unity.UNetWeaver.Helpers:GetSymbolReaderProvider due to: Could not load file or assembly 'Mono.Cecil, Version=0.10.0.0, Culture=neutral, PublicKeyToken=50cebf1cceb9d05e' or one of its dependencies. assembly:Mono.Cecil, Version=0.10.0.0, Culture=neutral, PublicKeyToken=50cebf1cceb9d05e type:<unknown type> member:(null) signature:<none>

Error: Could not load signature of DG.Tweening.DOTweenModuleAudio:DOFade due to: Could not load file or assembly 'DOTween, Version=1.0.0.0, Culture=neutral, PublicKeyToken=null' or one of its dependencies. assembly:DOTween, Version=1.0.0.0, Culture=neutral, PublicKeyToken=null type:<unknown type> member:(null) signature:<none>

Unloading broken assembly Library/ScriptAssemblies/Unity.RenderPipelines.Core.Editor.dll, this assembly can cause crashes in the runtime

Unloading broken assembly Library/ScriptAssemblies/com.unity.multiplayer-weaver.Editor.dll, this assembly can cause crashes in the runtime

Unloading broken assembly Library/ScriptAssemblies/Assembly-CSharp.dll, this assembly can cause crashes in the runtime

Native extension for Lumin target not found
Native extension for WindowsStandalone target not found
Native extension for WebGL target not found
Refreshing native plugins compatible for Editor in 1.50 ms, found 0 plugins.
Preloading 0 native plugins for Editor in 0.00 ms.
NoiseLib::GatherNoiseTypes: Failed to get types from assembly: Assembly-CSharp, Version=0.0.0.0, Culture=neutral, PublicKeyToken=null
UnityEngine.StackTraceUtility:ExtractStackTrace ()
UnityEngine.DebugLogHandler:LogFormat (UnityEngine.LogType,UnityEngine.Object,string,object[])
UnityEngine.Logger:Log (UnityEngine.LogType,object)
UnityEngine.Debug:Log (object)
UnityEditor.Experimental.TerrainAPI.NoiseLib:GatherNoiseTypes () (at Library/PackageCache/com.unity.terrain-tools@3.0.2-preview.3/Editor/TerrainTools/NoiseLib/API/NoiseLib.cs:306)
UnityEditor.Experimental.TerrainAPI.NoiseLib:GenerateHeaderFiles () (at Library/PackageCache/com.unity.terrain-tools@3.0.2-preview.3/Editor/TerrainTools/NoiseLib/API/NoiseLib.cs:577)
UnityEditor.Experimental.TerrainAPI.NoiseLib:.cctor () (at Library/PackageCache/com.unity.terrain-tools@3.0.2-preview.3/Editor/TerrainTools/NoiseLib/API/NoiseLib.cs:40)
System.Runtime.CompilerServices.RuntimeHelpers:RunClassConstructor (System.RuntimeTypeHandle)
UnityEditor.EditorAssemblies:ProcessInitializeOnLoadAttributes (System.Type[])

(Filename: Library/PackageCache/com.unity.terrain-tools@3.0.2-preview.3/Editor/TerrainTools/NoiseLib/API/NoiseLib.cs Line: 306)

NoiseLib::GatherNoiseTypes: Failed to get types from assembly: com.unity.multiplayer-weaver.Editor, Version=1.0.0.0, Culture=neutral, PublicKeyToken=null
UnityEngine.StackTraceUtility:ExtractStackTrace ()
UnityEngine.DebugLogHandler:LogFormat (UnityEngine.LogType,UnityEngine.Object,string,object[])
UnityEngine.Logger:Log (UnityEngine.LogType,object)
UnityEngine.Debug:Log (object)
UnityEditor.Experimental.TerrainAPI.NoiseLib:GatherNoiseTypes () (at Library/PackageCache/com.unity.terrain-tools@3.0.2-preview.3/Editor/TerrainTools/NoiseLib/API/NoiseLib.cs:306)
UnityEditor.Experimental.TerrainAPI.NoiseLib:GenerateHeaderFiles () (at Library/PackageCache/com.unity.terrain-tools@3.0.2-preview.3/Editor/TerrainTools/NoiseLib/API/NoiseLib.cs:577)
UnityEditor.Experimental.TerrainAPI.NoiseLib:.cctor () (at Library/PackageCache/com.unity.terrain-tools@3.0.2-preview.3/Editor/TerrainTools/NoiseLib/API/NoiseLib.cs:40)
System.Runtime.CompilerServices.RuntimeHelpers:RunClassConstructor (System.RuntimeTypeHandle)
UnityEditor.EditorAssemblies:ProcessInitializeOnLoadAttributes (System.Type[])

(Filename: Library/PackageCache/com.unity.terrain-tools@3.0.2-preview.3/Editor/TerrainTools/NoiseLib/API/NoiseLib.cs Line: 306)

NoiseLib::GatherNoiseTypes: Failed to get types from assembly: Unity.RenderPipelines.Core.Editor, Version=0.0.0.0, Culture=neutral, PublicKeyToken=null
UnityEngine.StackTraceUtility:ExtractStackTrace ()
UnityEngine.DebugLogHandler:LogFormat (UnityEngine.LogType,UnityEngine.Object,string,object[])
UnityEngine.Logger:Log (UnityEngine.LogType,object)
UnityEngine.Debug:Log (object)
UnityEditor.Experimental.TerrainAPI.NoiseLib:GatherNoiseTypes () (at Library/PackageCache/com.unity.terrain-tools@3.0.2-preview.3/Editor/TerrainTools/NoiseLib/API/NoiseLib.cs:306)
UnityEditor.Experimental.TerrainAPI.NoiseLib:GenerateHeaderFiles () (at Library/PackageCache/com.unity.terrain-tools@3.0.2-preview.3/Editor/TerrainTools/NoiseLib/API/NoiseLib.cs:577)
UnityEditor.Experimental.TerrainAPI.NoiseLib:.cctor () (at Library/PackageCache/com.unity.terrain-tools@3.0.2-preview.3/Editor/TerrainTools/NoiseLib/API/NoiseLib.cs:40)
System.Runtime.CompilerServices.RuntimeHelpers:RunClassConstructor (System.RuntimeTypeHandle)
UnityEditor.EditorAssemblies:ProcessInitializeOnLoadAttributes (System.Type[])

(Filename: Library/PackageCache/com.unity.terrain-tools@3.0.2-preview.3/Editor/TerrainTools/NoiseLib/API/NoiseLib.cs Line: 306)

NoiseLib::GatherFractalTypes: Failed to get types from assembly: Assembly-CSharp, Version=0.0.0.0, Culture=neutral, PublicKeyToken=null
UnityEngine.StackTraceUtility:ExtractStackTrace ()
UnityEngine.DebugLogHandler:LogFormat (UnityEngine.LogType,UnityEngine.Object,string,object[])
UnityEngine.Logger:Log (UnityEngine.LogType,object)
UnityEngine.Debug:Log (object)
UnityEditor.Experimental.TerrainAPI.NoiseLib:GatherFractalTypes () (at Library/PackageCache/com.unity.terrain-tools@3.0.2-preview.3/Editor/TerrainTools/NoiseLib/API/NoiseLib.cs:355)
UnityEditor.Experimental.TerrainAPI.NoiseLib:GenerateHeaderFiles () (at Library/PackageCache/com.unity.terrain-tools@3.0.2-preview.3/Editor/TerrainTools/NoiseLib/API/NoiseLib.cs:578)
UnityEditor.Experimental.TerrainAPI.NoiseLib:.cctor () (at Library/PackageCache/com.unity.terrain-tools@3.0.2-preview.3/Editor/TerrainTools/NoiseLib/API/NoiseLib.cs:40)
System.Runtime.CompilerServices.RuntimeHelpers:RunClassConstructor (System.RuntimeTypeHandle)
UnityEditor.EditorAssemblies:ProcessInitializeOnLoadAttributes (System.Type[])

(Filename: Library/PackageCache/com.unity.terrain-tools@3.0.2-preview.3/Editor/TerrainTools/NoiseLib/API/NoiseLib.cs Line: 355)

NoiseLib::GatherFractalTypes: Failed to get types from assembly: com.unity.multiplayer-weaver.Editor, Version=1.0.0.0, Culture=neutral, PublicKeyToken=null
UnityEngine.StackTraceUtility:ExtractStackTrace ()
UnityEngine.DebugLogHandler:LogFormat (UnityEngine.LogType,UnityEngine.Object,string,object[])
UnityEngine.Logger:Log (UnityEngine.LogType,object)
UnityEngine.Debug:Log (object)
UnityEditor.Experimental.TerrainAPI.NoiseLib:GatherFractalTypes () (at Library/PackageCache/com.unity.terrain-tools@3.0.2-preview.3/Editor/TerrainTools/NoiseLib/API/NoiseLib.cs:355)
UnityEditor.Experimental.TerrainAPI.NoiseLib:GenerateHeaderFiles () (at Library/PackageCache/com.unity.terrain-tools@3.0.2-preview.3/Editor/TerrainTools/NoiseLib/API/NoiseLib.cs:578)
UnityEditor.Experimental.TerrainAPI.NoiseLib:.cctor () (at Library/PackageCache/com.unity.terrain-tools@3.0.2-preview.3/Editor/TerrainTools/NoiseLib/API/NoiseLib.cs:40)
System.Runtime.CompilerServices.RuntimeHelpers:RunClassConstructor (System.RuntimeTypeHandle)
UnityEditor.EditorAssemblies:ProcessInitializeOnLoadAttributes (System.Type[])

(Filename: Library/PackageCache/com.unity.terrain-tools@3.0.2-preview.3/Editor/TerrainTools/NoiseLib/API/NoiseLib.cs Line: 355)

NoiseLib::GatherFractalTypes: Failed to get types from assembly: Unity.RenderPipelines.Core.Editor, Version=0.0.0.0, Culture=neutral, PublicKeyToken=null
UnityEngine.StackTraceUtility:ExtractStackTrace ()
UnityEngine.DebugLogHandler:LogFormat (UnityEngine.LogType,UnityEngine.Object,string,object[])
UnityEngine.Logger:Log (UnityEngine.LogType,object)
UnityEngine.Debug:Log (object)
UnityEditor.Experimental.TerrainAPI.NoiseLib:GatherFractalTypes () (at Library/PackageCache/com.unity.terrain-tools@3.0.2-preview.3/Editor/TerrainTools/NoiseLib/API/NoiseLib.cs:355)
UnityEditor.Experimental.TerrainAPI.NoiseLib:GenerateHeaderFiles () (at Library/PackageCache/com.unity.terrain-tools@3.0.2-preview.3/Editor/TerrainTools/NoiseLib/API/NoiseLib.cs:578)
UnityEditor.Experimental.TerrainAPI.NoiseLib:.cctor () (at Library/PackageCache/com.unity.terrain-tools@3.0.2-preview.3/Editor/TerrainTools/NoiseLib/API/NoiseLib.cs:40)
System.Runtime.CompilerServices.RuntimeHelpers:RunClassConstructor (System.RuntimeTypeHandle)
UnityEditor.EditorAssemblies:ProcessInitializeOnLoadAttributes (System.Type[])

(Filename: Library/PackageCache/com.unity.terrain-tools@3.0.2-preview.3/Editor/TerrainTools/NoiseLib/API/NoiseLib.cs Line: 355)

System.IO.FileNotFoundException: Could not load file or assembly 'Unity.Analytics.Editor, Version=1.0.0.0, Culture=neutral, PublicKeyToken=null' or one of its dependencies.
File name: 'Unity.Analytics.Editor, Version=1.0.0.0, Culture=neutral, PublicKeyToken=null'
UnityEngine.StackTraceUtility:ExtractStackTrace ()
UnityEngine.DebugLogHandler:LogFormat (UnityEngine.LogType,UnityEngine.Object,string,object[])
UnityEngine.Logger:Log (UnityEngine.LogType,object)
UnityEngine.Debug:LogError (object)
UnityEditor.EditorAssemblies:ProcessInitializeOnLoadAttributes (System.Type[])

Invoked RoslynAnalysisRunner static constructor.
RoslynAnalysisRunner will not be running.
RoslynAnalysisRunner has terminated.
Mono: successfully reloaded assembly
- Completed reload, in  1.252 seconds
Platform modules already initialized, skipping
Shader 'Universal Render Pipeline/Particles/Lit': fallback shader 'Universal Render Pipeline/Particles/SimpleLit' not found
Shader 'Lux URP/Particles/Simple Lit': fallback shader 'Lightweight Render Pipeline/Particles/Unlit' not found
Refreshing native plugins compatible for Editor in 1.51 ms, found 0 plugins.
Preloading 0 native plugins for Editor in 0.00 ms.
Unloading 3606 Unused Serialized files (Serialized files now loaded: 0)
System memory in use before: 305.5 MB.
System memory in use after: 304.4 MB.

Unloading 40 unused Assets to reduce memory usage. Loaded Objects now: 4436.
Total: 4.075100 ms (FindLiveObjects: 0.408000 ms CreateObjectMapping: 0.172700 ms MarkObjects: 2.246600 ms  DeleteObjects: 1.246200 ms)

AssetImportWorkerClient::OnTransportError - code=2 error=End of file
